[0.073s] DEBUG:colcon:Command line arguments: ['/usr/bin/colcon', 'build']
[0.073s] DEBUG:colcon:Parsed command line arguments: Namespace(log_base=None, log_level=None, verb_name='build', build_base='build', install_base='install', merge_install=False, symlink_install=False, test_result_base=None, continue_on_error=False, executor='parallel', parallel_workers=16, event_handlers=None, ignore_user_meta=False, metas=['./colcon.meta'], base_paths=['.'], packages_ignore=None, packages_ignore_regex=None, paths=None, packages_up_to=None, packages_up_to_regex=None, packages_above=None, packages_above_and_dependencies=None, packages_above_depth=None, packages_select_by_dep=None, packages_skip_by_dep=None, packages_skip_up_to=None, packages_select_build_failed=False, packages_skip_build_finished=False, packages_select_test_failures=False, packages_skip_test_passed=False, packages_select=None, packages_skip=None, packages_select_regex=None, packages_skip_regex=None, packages_start=None, packages_end=None, allow_overriding=[], cmake_args=None, cmake_target=None, cmake_target_skip_unavailable=False, cmake_clean_cache=False, cmake_clean_first=False, cmake_force_configure=False, ament_cmake_args=None, catkin_cmake_args=None, catkin_skip_building_tests=False, verb_parser=<colcon_defaults.argument_parser.defaults.DefaultArgumentsDecorator object at 0x792985ef2fb0>, verb_extension=<colcon_core.verb.build.BuildVerb object at 0x792986078490>, main=<bound method BuildVerb.main of <colcon_core.verb.build.BuildVerb object at 0x792986078490>>)
[0.192s] Level 1:colcon.colcon_core.package_discovery:discover_packages(colcon_meta) check parameters
[0.192s] Level 1:colcon.colcon_core.package_discovery:discover_packages(recursive) check parameters
[0.192s] Level 1:colcon.colcon_core.package_discovery:discover_packages(ignore) check parameters
[0.192s] Level 1:colcon.colcon_core.package_discovery:discover_packages(path) check parameters
[0.192s] Level 1:colcon.colcon_core.package_discovery:discover_packages(colcon_meta) discover
[0.193s] Level 1:colcon.colcon_core.package_discovery:discover_packages(recursive) discover
[0.193s] INFO:colcon.colcon_core.package_discovery:Crawling recursively for packages in '/home/kemo/Azza_ws/src/boundry_publisher'
[0.193s] Level 1:colcon.colcon_core.package_identification:_identify(.) by extensions ['ignore', 'ignore_ament_install']
[0.193s] Level 1:colcon.colcon_core.package_identification:_identify(.) by extension 'ignore'
[0.193s] Level 1:colcon.colcon_core.package_identification:_identify(.) by extension 'ignore_ament_install'
[0.193s] Level 1:colcon.colcon_core.package_identification:_identify(.) by extensions ['colcon_pkg']
[0.193s] Level 1:colcon.colcon_core.package_identification:_identify(.) by extension 'colcon_pkg'
[0.193s] Level 1:colcon.colcon_core.package_identification:_identify(.) by extensions ['colcon_meta']
[0.193s] Level 1:colcon.colcon_core.package_identification:_identify(.) by extension 'colcon_meta'
[0.193s] Level 1:colcon.colcon_core.package_identification:_identify(.) by extensions ['ros']
[0.193s] Level 1:colcon.colcon_core.package_identification:_identify(.) by extension 'ros'
[0.203s] DEBUG:colcon.colcon_core.package_identification:Package '.' with type 'ros.ament_cmake' and name 'boundary_publisher'
[0.203s] Level 1:colcon.colcon_core.package_discovery:discover_packages(recursive) using defaults
[0.203s] Level 1:colcon.colcon_core.package_discovery:discover_packages(ignore) discover
[0.203s] Level 1:colcon.colcon_core.package_discovery:discover_packages(ignore) using defaults
[0.203s] Level 1:colcon.colcon_core.package_discovery:discover_packages(path) discover
[0.203s] Level 1:colcon.colcon_core.package_discovery:discover_packages(path) using defaults
[0.218s] Level 1:colcon.colcon_core.package_discovery:discover_packages(prefix_path) check parameters
[0.218s] Level 1:colcon.colcon_core.package_discovery:discover_packages(prefix_path) discover
[0.219s] DEBUG:colcon.colcon_installed_package_information.package_discovery:Found 1 installed packages in /home/kemo/Azza_ws/src/boundry_publisher/install
[0.219s] DEBUG:colcon.colcon_installed_package_information.package_discovery:Found 4 installed packages in /home/kemo/ros_ws/install
[0.221s] DEBUG:colcon.colcon_installed_package_information.package_discovery:Found 282 installed packages in /opt/ros/humble
[0.232s] Level 1:colcon.colcon_core.package_discovery:discover_packages(prefix_path) using defaults
[0.259s] Level 5:colcon.colcon_core.verb:set package 'boundary_publisher' build argument 'cmake_args' from command line to 'None'
[0.259s] Level 5:colcon.colcon_core.verb:set package 'boundary_publisher' build argument 'cmake_target' from command line to 'None'
[0.259s] Level 5:colcon.colcon_core.verb:set package 'boundary_publisher' build argument 'cmake_target_skip_unavailable' from command line to 'False'
[0.259s] Level 5:colcon.colcon_core.verb:set package 'boundary_publisher' build argument 'cmake_clean_cache' from command line to 'False'
[0.260s] Level 5:colcon.colcon_core.verb:set package 'boundary_publisher' build argument 'cmake_clean_first' from command line to 'False'
[0.260s] Level 5:colcon.colcon_core.verb:set package 'boundary_publisher' build argument 'cmake_force_configure' from command line to 'False'
[0.260s] Level 5:colcon.colcon_core.verb:set package 'boundary_publisher' build argument 'ament_cmake_args' from command line to 'None'
[0.260s] Level 5:colcon.colcon_core.verb:set package 'boundary_publisher' build argument 'catkin_cmake_args' from command line to 'None'
[0.260s] Level 5:colcon.colcon_core.verb:set package 'boundary_publisher' build argument 'catkin_skip_building_tests' from command line to 'False'
[0.260s] DEBUG:colcon.colcon_core.verb:Building package 'boundary_publisher' with the following arguments: {'ament_cmake_args': None, 'build_base': '/home/kemo/Azza_ws/src/boundry_publisher/build/boundary_publisher', 'catkin_cmake_args': None, 'catkin_skip_building_tests': False, 'cmake_args': None, 'cmake_clean_cache': False, 'cmake_clean_first': False, 'cmake_force_configure': False, 'cmake_target': None, 'cmake_target_skip_unavailable': False, 'install_base': '/home/kemo/Azza_ws/src/boundry_publisher/install/boundary_publisher', 'merge_install': False, 'path': '/home/kemo/Azza_ws/src/boundry_publisher', 'symlink_install': False, 'test_result_base': None}
[0.260s] INFO:colcon.colcon_core.executor:Executing jobs using 'parallel' executor
[0.261s] DEBUG:colcon.colcon_parallel_executor.executor.parallel:run_until_complete
[0.261s] INFO:colcon.colcon_ros.task.ament_cmake.build:Building ROS package in '/home/kemo/Azza_ws/src/boundry_publisher' with build type 'ament_cmake'
[0.261s] INFO:colcon.colcon_cmake.task.cmake.build:Building CMake package in '/home/kemo/Azza_ws/src/boundry_publisher'
[0.262s] INFO:colcon.colcon_core.plugin_system:Skipping extension 'colcon_core.shell.bat': Not used on non-Windows systems
[0.262s] INFO:colcon.colcon_core.shell:Skip shell extension 'powershell' for command environment: Not usable outside of PowerShell
[0.263s] DEBUG:colcon.colcon_core.shell:Skip shell extension 'dsv' for command environment
[0.270s] DEBUG:colcon.colcon_core.event_handler.log_command:Invoking command in '/home/kemo/Azza_ws/src/boundry_publisher/build/boundary_publisher': CMAKE_PREFIX_PATH=${CMAKE_PREFIX_PATH}:/home/kemo/ros_ws/install/my_py_pkg:/opt/ros/humble /usr/bin/cmake --build /home/kemo/Azza_ws/src/boundry_publisher/build/boundary_publisher -- -j16 -l16
[3.492s] DEBUG:colcon.colcon_core.event_handler.log_command:Invoked command in '/home/kemo/Azza_ws/src/boundry_publisher/build/boundary_publisher' returned '0': CMAKE_PREFIX_PATH=${CMAKE_PREFIX_PATH}:/home/kemo/ros_ws/install/my_py_pkg:/opt/ros/humble /usr/bin/cmake --build /home/kemo/Azza_ws/src/boundry_publisher/build/boundary_publisher -- -j16 -l16
[3.502s] DEBUG:colcon.colcon_core.event_handler.log_command:Invoking command in '/home/kemo/Azza_ws/src/boundry_publisher/build/boundary_publisher': CMAKE_PREFIX_PATH=${CMAKE_PREFIX_PATH}:/home/kemo/ros_ws/install/my_py_pkg:/opt/ros/humble /usr/bin/cmake --install /home/kemo/Azza_ws/src/boundry_publisher/build/boundary_publisher
[3.513s] Level 1:colcon.colcon_core.environment:create_environment_scripts_only(boundary_publisher)
[3.513s] DEBUG:colcon.colcon_core.event_handler.log_command:Invoked command in '/home/kemo/Azza_ws/src/boundry_publisher/build/boundary_publisher' returned '0': CMAKE_PREFIX_PATH=${CMAKE_PREFIX_PATH}:/home/kemo/ros_ws/install/my_py_pkg:/opt/ros/humble /usr/bin/cmake --install /home/kemo/Azza_ws/src/boundry_publisher/build/boundary_publisher
[3.515s] Level 1:colcon.colcon_core.environment:checking '/home/kemo/Azza_ws/src/boundry_publisher/install/boundary_publisher' for CMake module files
[3.515s] Level 1:colcon.colcon_core.environment:checking '/home/kemo/Azza_ws/src/boundry_publisher/install/boundary_publisher' for CMake config files
[3.515s] Level 1:colcon.colcon_core.shell:create_environment_hook('boundary_publisher', 'cmake_prefix_path')
[3.515s] INFO:colcon.colcon_core.shell:Creating environment hook '/home/kemo/Azza_ws/src/boundry_publisher/install/boundary_publisher/share/boundary_publisher/hook/cmake_prefix_path.ps1'
[3.516s] INFO:colcon.colcon_core.shell:Creating environment descriptor '/home/kemo/Azza_ws/src/boundry_publisher/install/boundary_publisher/share/boundary_publisher/hook/cmake_prefix_path.dsv'
[3.516s] INFO:colcon.colcon_core.shell:Creating environment hook '/home/kemo/Azza_ws/src/boundry_publisher/install/boundary_publisher/share/boundary_publisher/hook/cmake_prefix_path.sh'
[3.517s] Level 1:colcon.colcon_core.environment:checking '/home/kemo/Azza_ws/src/boundry_publisher/install/boundary_publisher/lib'
[3.517s] Level 1:colcon.colcon_core.environment:checking '/home/kemo/Azza_ws/src/boundry_publisher/install/boundary_publisher/bin'
[3.517s] Level 1:colcon.colcon_core.environment:checking '/home/kemo/Azza_ws/src/boundry_publisher/install/boundary_publisher/lib/pkgconfig/boundary_publisher.pc'
[3.517s] Level 1:colcon.colcon_core.environment:checking '/home/kemo/Azza_ws/src/boundry_publisher/install/boundary_publisher/lib/python3.10/site-packages'
[3.517s] Level 1:colcon.colcon_core.environment:checking '/home/kemo/Azza_ws/src/boundry_publisher/install/boundary_publisher/bin'
[3.518s] INFO:colcon.colcon_core.shell:Creating package script '/home/kemo/Azza_ws/src/boundry_publisher/install/boundary_publisher/share/boundary_publisher/package.ps1'
[3.518s] INFO:colcon.colcon_core.shell:Creating package descriptor '/home/kemo/Azza_ws/src/boundry_publisher/install/boundary_publisher/share/boundary_publisher/package.dsv'
[3.519s] INFO:colcon.colcon_core.shell:Creating package script '/home/kemo/Azza_ws/src/boundry_publisher/install/boundary_publisher/share/boundary_publisher/package.sh'
[3.519s] INFO:colcon.colcon_core.shell:Creating package script '/home/kemo/Azza_ws/src/boundry_publisher/install/boundary_publisher/share/boundary_publisher/package.bash'
[3.520s] INFO:colcon.colcon_core.shell:Creating package script '/home/kemo/Azza_ws/src/boundry_publisher/install/boundary_publisher/share/boundary_publisher/package.zsh'
[3.520s] Level 1:colcon.colcon_core.environment:create_file_with_runtime_dependencies(/home/kemo/Azza_ws/src/boundry_publisher/install/boundary_publisher/share/colcon-core/packages/boundary_publisher)
[3.521s] Level 1:colcon.colcon_core.environment:create_environment_scripts_only(boundary_publisher)
[3.521s] Level 1:colcon.colcon_core.environment:checking '/home/kemo/Azza_ws/src/boundry_publisher/install/boundary_publisher' for CMake module files
[3.521s] Level 1:colcon.colcon_core.environment:checking '/home/kemo/Azza_ws/src/boundry_publisher/install/boundary_publisher' for CMake config files
[3.521s] Level 1:colcon.colcon_core.shell:create_environment_hook('boundary_publisher', 'cmake_prefix_path')
[3.521s] INFO:colcon.colcon_core.shell:Creating environment hook '/home/kemo/Azza_ws/src/boundry_publisher/install/boundary_publisher/share/boundary_publisher/hook/cmake_prefix_path.ps1'
[3.522s] INFO:colcon.colcon_core.shell:Creating environment descriptor '/home/kemo/Azza_ws/src/boundry_publisher/install/boundary_publisher/share/boundary_publisher/hook/cmake_prefix_path.dsv'
[3.522s] INFO:colcon.colcon_core.shell:Creating environment hook '/home/kemo/Azza_ws/src/boundry_publisher/install/boundary_publisher/share/boundary_publisher/hook/cmake_prefix_path.sh'
[3.522s] Level 1:colcon.colcon_core.environment:checking '/home/kemo/Azza_ws/src/boundry_publisher/install/boundary_publisher/lib'
[3.523s] Level 1:colcon.colcon_core.environment:checking '/home/kemo/Azza_ws/src/boundry_publisher/install/boundary_publisher/bin'
[3.523s] Level 1:colcon.colcon_core.environment:checking '/home/kemo/Azza_ws/src/boundry_publisher/install/boundary_publisher/lib/pkgconfig/boundary_publisher.pc'
[3.523s] Level 1:colcon.colcon_core.environment:checking '/home/kemo/Azza_ws/src/boundry_publisher/install/boundary_publisher/lib/python3.10/site-packages'
[3.523s] Level 1:colcon.colcon_core.environment:checking '/home/kemo/Azza_ws/src/boundry_publisher/install/boundary_publisher/bin'
[3.523s] INFO:colcon.colcon_core.shell:Creating package script '/home/kemo/Azza_ws/src/boundry_publisher/install/boundary_publisher/share/boundary_publisher/package.ps1'
[3.524s] INFO:colcon.colcon_core.shell:Creating package descriptor '/home/kemo/Azza_ws/src/boundry_publisher/install/boundary_publisher/share/boundary_publisher/package.dsv'
[3.524s] INFO:colcon.colcon_core.shell:Creating package script '/home/kemo/Azza_ws/src/boundry_publisher/install/boundary_publisher/share/boundary_publisher/package.sh'
[3.524s] INFO:colcon.colcon_core.shell:Creating package script '/home/kemo/Azza_ws/src/boundry_publisher/install/boundary_publisher/share/boundary_publisher/package.bash'
[3.525s] INFO:colcon.colcon_core.shell:Creating package script '/home/kemo/Azza_ws/src/boundry_publisher/install/boundary_publisher/share/boundary_publisher/package.zsh'
[3.525s] Level 1:colcon.colcon_core.environment:create_file_with_runtime_dependencies(/home/kemo/Azza_ws/src/boundry_publisher/install/boundary_publisher/share/colcon-core/packages/boundary_publisher)
[3.525s] DEBUG:colcon.colcon_parallel_executor.executor.parallel:closing loop
[3.526s] DEBUG:colcon.colcon_parallel_executor.executor.parallel:loop closed
[3.526s] DEBUG:colcon.colcon_parallel_executor.executor.parallel:run_until_complete finished with '0'
[3.526s] DEBUG:colcon.colcon_core.event_reactor:joining thread
[3.531s] INFO:colcon.colcon_core.plugin_system:Skipping extension 'colcon_notification.desktop_notification.terminal_notifier': Not used on non-Darwin systems
[3.531s] INFO:colcon.colcon_core.plugin_system:Skipping extension 'colcon_notification.desktop_notification.win32': Not used on non-Windows systems
[3.531s] INFO:colcon.colcon_notification.desktop_notification:Sending desktop notification using 'notify2'
[3.541s] DEBUG:colcon.colcon_core.event_reactor:joined thread
[3.542s] INFO:colcon.colcon_core.shell:Creating prefix script '/home/kemo/Azza_ws/src/boundry_publisher/install/local_setup.ps1'
[3.543s] INFO:colcon.colcon_core.shell:Creating prefix util module '/home/kemo/Azza_ws/src/boundry_publisher/install/_local_setup_util_ps1.py'
[3.544s] INFO:colcon.colcon_core.shell:Creating prefix chain script '/home/kemo/Azza_ws/src/boundry_publisher/install/setup.ps1'
[3.545s] INFO:colcon.colcon_core.shell:Creating prefix script '/home/kemo/Azza_ws/src/boundry_publisher/install/local_setup.sh'
[3.545s] INFO:colcon.colcon_core.shell:Creating prefix util module '/home/kemo/Azza_ws/src/boundry_publisher/install/_local_setup_util_sh.py'
[3.545s] INFO:colcon.colcon_core.shell:Creating prefix chain script '/home/kemo/Azza_ws/src/boundry_publisher/install/setup.sh'
[3.546s] INFO:colcon.colcon_core.shell:Creating prefix script '/home/kemo/Azza_ws/src/boundry_publisher/install/local_setup.bash'
[3.547s] INFO:colcon.colcon_core.shell:Creating prefix chain script '/home/kemo/Azza_ws/src/boundry_publisher/install/setup.bash'
[3.548s] INFO:colcon.colcon_core.shell:Creating prefix script '/home/kemo/Azza_ws/src/boundry_publisher/install/local_setup.zsh'
[3.548s] INFO:colcon.colcon_core.shell:Creating prefix chain script '/home/kemo/Azza_ws/src/boundry_publisher/install/setup.zsh'
