[0.007s] Invoking command in '/home/kemo/Azza_ws/src/boundry_publisher/build/boundary_publisher': CMAKE_PREFIX_PATH=${CMAKE_PREFIX_PATH}:/home/kemo/ros_ws/install/my_py_pkg:/opt/ros/humble /usr/bin/cmake /home/kemo/Azza_ws/src/boundry_publisher -DCMAKE_INSTALL_PREFIX=/home/kemo/Azza_ws/src/boundry_publisher/install/boundary_publisher
[0.051s] -- The C compiler identification is GNU 11.4.0
[0.095s] -- The CXX compiler identification is GNU 11.4.0
[0.100s] -- Detecting C compiler ABI info
[0.155s] -- Detecting C compiler ABI info - done
[0.160s] -- Check for working C compiler: /usr/bin/cc - skipped
[0.160s] -- Detecting C compile features
[0.161s] -- Detecting C compile features - done
[0.163s] -- Detecting CXX compiler ABI info
[0.225s] -- Detecting CXX compiler ABI info - done
[0.230s] -- Check for working CXX compiler: /usr/bin/c++ - skipped
[0.230s] -- Detecting CXX compile features
[0.230s] -- Detecting CXX compile features - done
[0.232s] -- Found ament_cmake: 1.3.11 (/opt/ros/humble/share/ament_cmake/cmake)
[0.342s] -- Found Python3: /usr/bin/python3 (found version "3.10.12") found components: Interpreter 
[0.412s] -- Found rclcpp: 16.0.11 (/opt/ros/humble/share/rclcpp/cmake)
[0.446s] -- Found rosidl_generator_c: 3.1.6 (/opt/ros/humble/share/rosidl_generator_c/cmake)
[0.450s] -- Found rosidl_adapter: 3.1.6 (/opt/ros/humble/share/rosidl_adapter/cmake)
[0.456s] -- Found rosidl_generator_cpp: 3.1.6 (/opt/ros/humble/share/rosidl_generator_cpp/cmake)
[0.465s] -- Using all available rosidl_typesupport_c: rosidl_typesupport_fastrtps_c;rosidl_typesupport_introspection_c
[0.478s] -- Using all available rosidl_typesupport_cpp: rosidl_typesupport_fastrtps_cpp;rosidl_typesupport_introspection_cpp
[0.510s] -- Found rmw_implementation_cmake: 6.1.2 (/opt/ros/humble/share/rmw_implementation_cmake/cmake)
[0.512s] -- Found rmw_fastrtps_cpp: 6.2.7 (/opt/ros/humble/share/rmw_fastrtps_cpp/cmake)
[0.584s] -- Found OpenSSL: /usr/lib/x86_64-linux-gnu/libcrypto.so (found version "3.0.2")  
[0.609s] -- Found FastRTPS: /opt/ros/humble/include  
[0.646s] -- Using RMW implementation 'rmw_fastrtps_cpp' as default
[0.653s] -- Looking for pthread.h
[0.717s] -- Looking for pthread.h - found
[0.718s] -- Performing Test CMAKE_HAVE_LIBC_PTHREAD
[0.778s] -- Performing Test CMAKE_HAVE_LIBC_PTHREAD - Success
[0.778s] -- Found Threads: TRUE  
[0.815s] -- Found geometry_msgs: 4.2.4 (/opt/ros/humble/share/geometry_msgs/cmake)
[0.873s] -- Configuring done
[0.875s] [31mCMake Error at CMakeLists.txt:15 (add_executable):
[0.875s]   Cannot find source file:
[0.875s] 
[0.875s]     src/boundary_publisher_node.cpp
[0.875s] 
[0.875s]   Tried extensions .c .C .c++ .cc .cpp .cxx .cu .mpp .m .M .mm .ixx .cppm .h
[0.875s]   .hh .h++ .hm .hpp .hxx .in .txx .f .F .for .f77 .f90 .f95 .f03 .hip .ispc
[0.876s] 
[0.876s] [0m
[0.876s] [31mCMake Error at CMakeLists.txt:15 (add_executable):
[0.876s]   No SOURCES given to target: boundary_publisher_node
[0.876s] 
[0.876s] [0m
[0.876s] [0mCMake Generate step failed.  Build files cannot be regenerated correctly.[0m
[0.883s] Invoked command in '/home/kemo/Azza_ws/src/boundry_publisher/build/boundary_publisher' returned '1': CMAKE_PREFIX_PATH=${CMAKE_PREFIX_PATH}:/home/kemo/ros_ws/install/my_py_pkg:/opt/ros/humble /usr/bin/cmake /home/kemo/Azza_ws/src/boundry_publisher -DCMAKE_INSTALL_PREFIX=/home/kemo/Azza_ws/src/boundry_publisher/install/boundary_publisher
