[0.071s] DEBUG:colcon:Command line arguments: ['/usr/bin/colcon', 'build']
[0.071s] DEBUG:colcon:Parsed command line arguments: Namespace(log_base=None, log_level=None, verb_name='build', build_base='build', install_base='install', merge_install=False, symlink_install=False, test_result_base=None, continue_on_error=False, executor='parallel', parallel_workers=16, event_handlers=None, ignore_user_meta=False, metas=['./colcon.meta'], base_paths=['.'], packages_ignore=None, packages_ignore_regex=None, paths=None, packages_up_to=None, packages_up_to_regex=None, packages_above=None, packages_above_and_dependencies=None, packages_above_depth=None, packages_select_by_dep=None, packages_skip_by_dep=None, packages_skip_up_to=None, packages_select_build_failed=False, packages_skip_build_finished=False, packages_select_test_failures=False, packages_skip_test_passed=False, packages_select=None, packages_skip=None, packages_select_regex=None, packages_skip_regex=None, packages_start=None, packages_end=None, allow_overriding=[], cmake_args=None, cmake_target=None, cmake_target_skip_unavailable=False, cmake_clean_cache=False, cmake_clean_first=False, cmake_force_configure=False, ament_cmake_args=None, catkin_cmake_args=None, catkin_skip_building_tests=False, verb_parser=<colcon_defaults.argument_parser.defaults.DefaultArgumentsDecorator object at 0x7525c9f36fb0>, verb_extension=<colcon_core.verb.build.BuildVerb object at 0x7525ca080490>, main=<bound method BuildVerb.main of <colcon_core.verb.build.BuildVerb object at 0x7525ca080490>>)
[0.186s] Level 1:colcon.colcon_core.package_discovery:discover_packages(colcon_meta) check parameters
[0.186s] Level 1:colcon.colcon_core.package_discovery:discover_packages(recursive) check parameters
[0.186s] Level 1:colcon.colcon_core.package_discovery:discover_packages(ignore) check parameters
[0.186s] Level 1:colcon.colcon_core.package_discovery:discover_packages(path) check parameters
[0.186s] Level 1:colcon.colcon_core.package_discovery:discover_packages(colcon_meta) discover
[0.186s] Level 1:colcon.colcon_core.package_discovery:discover_packages(recursive) discover
[0.186s] INFO:colcon.colcon_core.package_discovery:Crawling recursively for packages in '/home/kemo/Azza_ws/src/lc29h_gps_rtk-main'
[0.186s] Level 1:colcon.colcon_core.package_identification:_identify(.) by extensions ['ignore', 'ignore_ament_install']
[0.186s] Level 1:colcon.colcon_core.package_identification:_identify(.) by extension 'ignore'
[0.186s] Level 1:colcon.colcon_core.package_identification:_identify(.) by extension 'ignore_ament_install'
[0.186s] Level 1:colcon.colcon_core.package_identification:_identify(.) by extensions ['colcon_pkg']
[0.186s] Level 1:colcon.colcon_core.package_identification:_identify(.) by extension 'colcon_pkg'
[0.186s] Level 1:colcon.colcon_core.package_identification:_identify(.) by extensions ['colcon_meta']
[0.186s] Level 1:colcon.colcon_core.package_identification:_identify(.) by extension 'colcon_meta'
[0.186s] Level 1:colcon.colcon_core.package_identification:_identify(.) by extensions ['ros']
[0.186s] Level 1:colcon.colcon_core.package_identification:_identify(.) by extension 'ros'
[0.195s] DEBUG:colcon.colcon_core.package_identification:Package '.' with type 'ros.ament_cmake' and name 'lc29h_gps_rtk'
[0.195s] Level 1:colcon.colcon_core.package_discovery:discover_packages(recursive) using defaults
[0.195s] Level 1:colcon.colcon_core.package_discovery:discover_packages(ignore) discover
[0.196s] Level 1:colcon.colcon_core.package_discovery:discover_packages(ignore) using defaults
[0.196s] Level 1:colcon.colcon_core.package_discovery:discover_packages(path) discover
[0.196s] Level 1:colcon.colcon_core.package_discovery:discover_packages(path) using defaults
[0.209s] Level 1:colcon.colcon_core.package_discovery:discover_packages(prefix_path) check parameters
[0.209s] Level 1:colcon.colcon_core.package_discovery:discover_packages(prefix_path) discover
[0.210s] DEBUG:colcon.colcon_installed_package_information.package_discovery:Found 4 installed packages in /home/kemo/ros_ws/install
[0.211s] DEBUG:colcon.colcon_installed_package_information.package_discovery:Found 282 installed packages in /opt/ros/humble
[0.220s] Level 1:colcon.colcon_core.package_discovery:discover_packages(prefix_path) using defaults
[0.246s] Level 5:colcon.colcon_core.verb:set package 'lc29h_gps_rtk' build argument 'cmake_args' from command line to 'None'
[0.246s] Level 5:colcon.colcon_core.verb:set package 'lc29h_gps_rtk' build argument 'cmake_target' from command line to 'None'
[0.246s] Level 5:colcon.colcon_core.verb:set package 'lc29h_gps_rtk' build argument 'cmake_target_skip_unavailable' from command line to 'False'
[0.246s] Level 5:colcon.colcon_core.verb:set package 'lc29h_gps_rtk' build argument 'cmake_clean_cache' from command line to 'False'
[0.246s] Level 5:colcon.colcon_core.verb:set package 'lc29h_gps_rtk' build argument 'cmake_clean_first' from command line to 'False'
[0.246s] Level 5:colcon.colcon_core.verb:set package 'lc29h_gps_rtk' build argument 'cmake_force_configure' from command line to 'False'
[0.246s] Level 5:colcon.colcon_core.verb:set package 'lc29h_gps_rtk' build argument 'ament_cmake_args' from command line to 'None'
[0.246s] Level 5:colcon.colcon_core.verb:set package 'lc29h_gps_rtk' build argument 'catkin_cmake_args' from command line to 'None'
[0.246s] Level 5:colcon.colcon_core.verb:set package 'lc29h_gps_rtk' build argument 'catkin_skip_building_tests' from command line to 'False'
[0.246s] DEBUG:colcon.colcon_core.verb:Building package 'lc29h_gps_rtk' with the following arguments: {'ament_cmake_args': None, 'build_base': '/home/kemo/Azza_ws/src/lc29h_gps_rtk-main/build/lc29h_gps_rtk', 'catkin_cmake_args': None, 'catkin_skip_building_tests': False, 'cmake_args': None, 'cmake_clean_cache': False, 'cmake_clean_first': False, 'cmake_force_configure': False, 'cmake_target': None, 'cmake_target_skip_unavailable': False, 'install_base': '/home/kemo/Azza_ws/src/lc29h_gps_rtk-main/install/lc29h_gps_rtk', 'merge_install': False, 'path': '/home/kemo/Azza_ws/src/lc29h_gps_rtk-main', 'symlink_install': False, 'test_result_base': None}
[0.246s] INFO:colcon.colcon_core.executor:Executing jobs using 'parallel' executor
[0.247s] DEBUG:colcon.colcon_parallel_executor.executor.parallel:run_until_complete
[0.247s] INFO:colcon.colcon_ros.task.ament_cmake.build:Building ROS package in '/home/kemo/Azza_ws/src/lc29h_gps_rtk-main' with build type 'ament_cmake'
[0.247s] INFO:colcon.colcon_cmake.task.cmake.build:Building CMake package in '/home/kemo/Azza_ws/src/lc29h_gps_rtk-main'
[0.248s] INFO:colcon.colcon_core.plugin_system:Skipping extension 'colcon_core.shell.bat': Not used on non-Windows systems
[0.248s] INFO:colcon.colcon_core.shell:Skip shell extension 'powershell' for command environment: Not usable outside of PowerShell
[0.249s] DEBUG:colcon.colcon_core.shell:Skip shell extension 'dsv' for command environment
[0.255s] DEBUG:colcon.colcon_core.event_handler.log_command:Invoking command in '/home/kemo/Azza_ws/src/lc29h_gps_rtk-main/build/lc29h_gps_rtk': CMAKE_PREFIX_PATH=${CMAKE_PREFIX_PATH}:/home/kemo/ros_ws/install/my_py_pkg:/opt/ros/humble /usr/bin/cmake --build /home/kemo/Azza_ws/src/lc29h_gps_rtk-main/build/lc29h_gps_rtk -- -j16 -l16
[0.329s] DEBUG:colcon.colcon_core.event_handler.log_command:Invoked command in '/home/kemo/Azza_ws/src/lc29h_gps_rtk-main/build/lc29h_gps_rtk' returned '0': CMAKE_PREFIX_PATH=${CMAKE_PREFIX_PATH}:/home/kemo/ros_ws/install/my_py_pkg:/opt/ros/humble /usr/bin/cmake --build /home/kemo/Azza_ws/src/lc29h_gps_rtk-main/build/lc29h_gps_rtk -- -j16 -l16
[0.337s] DEBUG:colcon.colcon_core.event_handler.log_command:Invoking command in '/home/kemo/Azza_ws/src/lc29h_gps_rtk-main/build/lc29h_gps_rtk': CMAKE_PREFIX_PATH=${CMAKE_PREFIX_PATH}:/home/kemo/ros_ws/install/my_py_pkg:/opt/ros/humble /usr/bin/cmake --install /home/kemo/Azza_ws/src/lc29h_gps_rtk-main/build/lc29h_gps_rtk
[0.349s] Level 1:colcon.colcon_core.environment:create_environment_scripts_only(lc29h_gps_rtk)
[0.349s] DEBUG:colcon.colcon_core.event_handler.log_command:Invoked command in '/home/kemo/Azza_ws/src/lc29h_gps_rtk-main/build/lc29h_gps_rtk' returned '0': CMAKE_PREFIX_PATH=${CMAKE_PREFIX_PATH}:/home/kemo/ros_ws/install/my_py_pkg:/opt/ros/humble /usr/bin/cmake --install /home/kemo/Azza_ws/src/lc29h_gps_rtk-main/build/lc29h_gps_rtk
[0.351s] Level 1:colcon.colcon_core.environment:checking '/home/kemo/Azza_ws/src/lc29h_gps_rtk-main/install/lc29h_gps_rtk' for CMake module files
[0.351s] Level 1:colcon.colcon_core.environment:checking '/home/kemo/Azza_ws/src/lc29h_gps_rtk-main/install/lc29h_gps_rtk' for CMake config files
[0.352s] Level 1:colcon.colcon_core.shell:create_environment_hook('lc29h_gps_rtk', 'cmake_prefix_path')
[0.352s] INFO:colcon.colcon_core.shell:Creating environment hook '/home/kemo/Azza_ws/src/lc29h_gps_rtk-main/install/lc29h_gps_rtk/share/lc29h_gps_rtk/hook/cmake_prefix_path.ps1'
[0.352s] INFO:colcon.colcon_core.shell:Creating environment descriptor '/home/kemo/Azza_ws/src/lc29h_gps_rtk-main/install/lc29h_gps_rtk/share/lc29h_gps_rtk/hook/cmake_prefix_path.dsv'
[0.353s] INFO:colcon.colcon_core.shell:Creating environment hook '/home/kemo/Azza_ws/src/lc29h_gps_rtk-main/install/lc29h_gps_rtk/share/lc29h_gps_rtk/hook/cmake_prefix_path.sh'
[0.354s] Level 1:colcon.colcon_core.environment:checking '/home/kemo/Azza_ws/src/lc29h_gps_rtk-main/install/lc29h_gps_rtk/lib'
[0.354s] Level 1:colcon.colcon_core.environment:checking '/home/kemo/Azza_ws/src/lc29h_gps_rtk-main/install/lc29h_gps_rtk/bin'
[0.354s] Level 1:colcon.colcon_core.environment:checking '/home/kemo/Azza_ws/src/lc29h_gps_rtk-main/install/lc29h_gps_rtk/lib/pkgconfig/lc29h_gps_rtk.pc'
[0.354s] Level 1:colcon.colcon_core.environment:checking '/home/kemo/Azza_ws/src/lc29h_gps_rtk-main/install/lc29h_gps_rtk/lib/python3.10/site-packages'
[0.354s] Level 1:colcon.colcon_core.environment:checking '/home/kemo/Azza_ws/src/lc29h_gps_rtk-main/install/lc29h_gps_rtk/bin'
[0.354s] INFO:colcon.colcon_core.shell:Creating package script '/home/kemo/Azza_ws/src/lc29h_gps_rtk-main/install/lc29h_gps_rtk/share/lc29h_gps_rtk/package.ps1'
[0.355s] INFO:colcon.colcon_core.shell:Creating package descriptor '/home/kemo/Azza_ws/src/lc29h_gps_rtk-main/install/lc29h_gps_rtk/share/lc29h_gps_rtk/package.dsv'
[0.355s] INFO:colcon.colcon_core.shell:Creating package script '/home/kemo/Azza_ws/src/lc29h_gps_rtk-main/install/lc29h_gps_rtk/share/lc29h_gps_rtk/package.sh'
[0.356s] INFO:colcon.colcon_core.shell:Creating package script '/home/kemo/Azza_ws/src/lc29h_gps_rtk-main/install/lc29h_gps_rtk/share/lc29h_gps_rtk/package.bash'
[0.356s] INFO:colcon.colcon_core.shell:Creating package script '/home/kemo/Azza_ws/src/lc29h_gps_rtk-main/install/lc29h_gps_rtk/share/lc29h_gps_rtk/package.zsh'
[0.356s] Level 1:colcon.colcon_core.environment:create_file_with_runtime_dependencies(/home/kemo/Azza_ws/src/lc29h_gps_rtk-main/install/lc29h_gps_rtk/share/colcon-core/packages/lc29h_gps_rtk)
[0.357s] Level 1:colcon.colcon_core.environment:create_environment_scripts_only(lc29h_gps_rtk)
[0.357s] Level 1:colcon.colcon_core.environment:checking '/home/kemo/Azza_ws/src/lc29h_gps_rtk-main/install/lc29h_gps_rtk' for CMake module files
[0.357s] Level 1:colcon.colcon_core.environment:checking '/home/kemo/Azza_ws/src/lc29h_gps_rtk-main/install/lc29h_gps_rtk' for CMake config files
[0.358s] Level 1:colcon.colcon_core.shell:create_environment_hook('lc29h_gps_rtk', 'cmake_prefix_path')
[0.358s] INFO:colcon.colcon_core.shell:Creating environment hook '/home/kemo/Azza_ws/src/lc29h_gps_rtk-main/install/lc29h_gps_rtk/share/lc29h_gps_rtk/hook/cmake_prefix_path.ps1'
[0.358s] INFO:colcon.colcon_core.shell:Creating environment descriptor '/home/kemo/Azza_ws/src/lc29h_gps_rtk-main/install/lc29h_gps_rtk/share/lc29h_gps_rtk/hook/cmake_prefix_path.dsv'
[0.358s] INFO:colcon.colcon_core.shell:Creating environment hook '/home/kemo/Azza_ws/src/lc29h_gps_rtk-main/install/lc29h_gps_rtk/share/lc29h_gps_rtk/hook/cmake_prefix_path.sh'
[0.358s] Level 1:colcon.colcon_core.environment:checking '/home/kemo/Azza_ws/src/lc29h_gps_rtk-main/install/lc29h_gps_rtk/lib'
[0.359s] Level 1:colcon.colcon_core.environment:checking '/home/kemo/Azza_ws/src/lc29h_gps_rtk-main/install/lc29h_gps_rtk/bin'
[0.359s] Level 1:colcon.colcon_core.environment:checking '/home/kemo/Azza_ws/src/lc29h_gps_rtk-main/install/lc29h_gps_rtk/lib/pkgconfig/lc29h_gps_rtk.pc'
[0.359s] Level 1:colcon.colcon_core.environment:checking '/home/kemo/Azza_ws/src/lc29h_gps_rtk-main/install/lc29h_gps_rtk/lib/python3.10/site-packages'
[0.359s] Level 1:colcon.colcon_core.environment:checking '/home/kemo/Azza_ws/src/lc29h_gps_rtk-main/install/lc29h_gps_rtk/bin'
[0.359s] INFO:colcon.colcon_core.shell:Creating package script '/home/kemo/Azza_ws/src/lc29h_gps_rtk-main/install/lc29h_gps_rtk/share/lc29h_gps_rtk/package.ps1'
[0.359s] INFO:colcon.colcon_core.shell:Creating package descriptor '/home/kemo/Azza_ws/src/lc29h_gps_rtk-main/install/lc29h_gps_rtk/share/lc29h_gps_rtk/package.dsv'
[0.360s] INFO:colcon.colcon_core.shell:Creating package script '/home/kemo/Azza_ws/src/lc29h_gps_rtk-main/install/lc29h_gps_rtk/share/lc29h_gps_rtk/package.sh'
[0.360s] INFO:colcon.colcon_core.shell:Creating package script '/home/kemo/Azza_ws/src/lc29h_gps_rtk-main/install/lc29h_gps_rtk/share/lc29h_gps_rtk/package.bash'
[0.360s] INFO:colcon.colcon_core.shell:Creating package script '/home/kemo/Azza_ws/src/lc29h_gps_rtk-main/install/lc29h_gps_rtk/share/lc29h_gps_rtk/package.zsh'
[0.361s] Level 1:colcon.colcon_core.environment:create_file_with_runtime_dependencies(/home/kemo/Azza_ws/src/lc29h_gps_rtk-main/install/lc29h_gps_rtk/share/colcon-core/packages/lc29h_gps_rtk)
[0.361s] DEBUG:colcon.colcon_parallel_executor.executor.parallel:closing loop
[0.361s] DEBUG:colcon.colcon_parallel_executor.executor.parallel:loop closed
[0.361s] DEBUG:colcon.colcon_parallel_executor.executor.parallel:run_until_complete finished with '0'
[0.361s] DEBUG:colcon.colcon_core.event_reactor:joining thread
[0.365s] INFO:colcon.colcon_core.plugin_system:Skipping extension 'colcon_notification.desktop_notification.terminal_notifier': Not used on non-Darwin systems
[0.365s] INFO:colcon.colcon_core.plugin_system:Skipping extension 'colcon_notification.desktop_notification.win32': Not used on non-Windows systems
[0.365s] INFO:colcon.colcon_notification.desktop_notification:Sending desktop notification using 'notify2'
[0.374s] DEBUG:colcon.colcon_core.event_reactor:joined thread
[0.374s] INFO:colcon.colcon_core.shell:Creating prefix script '/home/kemo/Azza_ws/src/lc29h_gps_rtk-main/install/local_setup.ps1'
[0.375s] INFO:colcon.colcon_core.shell:Creating prefix util module '/home/kemo/Azza_ws/src/lc29h_gps_rtk-main/install/_local_setup_util_ps1.py'
[0.376s] INFO:colcon.colcon_core.shell:Creating prefix chain script '/home/kemo/Azza_ws/src/lc29h_gps_rtk-main/install/setup.ps1'
[0.376s] INFO:colcon.colcon_core.shell:Creating prefix script '/home/kemo/Azza_ws/src/lc29h_gps_rtk-main/install/local_setup.sh'
[0.377s] INFO:colcon.colcon_core.shell:Creating prefix util module '/home/kemo/Azza_ws/src/lc29h_gps_rtk-main/install/_local_setup_util_sh.py'
[0.377s] INFO:colcon.colcon_core.shell:Creating prefix chain script '/home/kemo/Azza_ws/src/lc29h_gps_rtk-main/install/setup.sh'
[0.378s] INFO:colcon.colcon_core.shell:Creating prefix script '/home/kemo/Azza_ws/src/lc29h_gps_rtk-main/install/local_setup.bash'
[0.378s] INFO:colcon.colcon_core.shell:Creating prefix chain script '/home/kemo/Azza_ws/src/lc29h_gps_rtk-main/install/setup.bash'
[0.379s] INFO:colcon.colcon_core.shell:Creating prefix script '/home/kemo/Azza_ws/src/lc29h_gps_rtk-main/install/local_setup.zsh'
[0.379s] INFO:colcon.colcon_core.shell:Creating prefix chain script '/home/kemo/Azza_ws/src/lc29h_gps_rtk-main/install/setup.zsh'
