[0.157s] DEBUG:colcon:Command line arguments: ['/usr/bin/colcon', 'build', '--symlink-install', '--parallel-workers', '2', '--executor', 'sequential']
[0.157s] DEBUG:colcon:Parsed command line arguments: Namespace(log_base=None, log_level=None, verb_name='build', build_base='build', install_base='install', merge_install=False, symlink_install=True, test_result_base=None, continue_on_error=False, executor='sequential', parallel_workers=2, event_handlers=None, ignore_user_meta=False, metas=['./colcon.meta'], base_paths=['.'], packages_ignore=None, packages_ignore_regex=None, paths=None, packages_up_to=None, packages_up_to_regex=None, packages_above=None, packages_above_and_dependencies=None, packages_above_depth=None, packages_select_by_dep=None, packages_skip_by_dep=None, packages_skip_up_to=None, packages_select_build_failed=False, packages_skip_build_finished=False, packages_select_test_failures=False, packages_skip_test_passed=False, packages_select=None, packages_skip=None, packages_select_regex=None, packages_skip_regex=None, packages_start=None, packages_end=None, allow_overriding=[], cmake_args=None, cmake_target=None, cmake_target_skip_unavailable=False, cmake_clean_cache=False, cmake_clean_first=False, cmake_force_configure=False, ament_cmake_args=None, catkin_cmake_args=None, catkin_skip_building_tests=False, mixin_files=None, mixin=None, verb_parser=<colcon_mixin.mixin.mixin_argument.MixinArgumentDecorator object at 0x7c27f1cd44c0>, verb_extension=<colcon_core.verb.build.BuildVerb object at 0x7c27f1e49210>, main=<bound method BuildVerb.main of <colcon_core.verb.build.BuildVerb object at 0x7c27f1e49210>>, mixin_verb=('build',))
[0.395s] Level 1:colcon.colcon_core.package_discovery:discover_packages(colcon_meta) check parameters
[0.395s] Level 1:colcon.colcon_core.package_discovery:discover_packages(recursive) check parameters
[0.395s] Level 1:colcon.colcon_core.package_discovery:discover_packages(ignore) check parameters
[0.395s] Level 1:colcon.colcon_core.package_discovery:discover_packages(path) check parameters
[0.395s] Level 1:colcon.colcon_core.package_discovery:discover_packages(colcon_meta) discover
[0.395s] Level 1:colcon.colcon_core.package_discovery:discover_packages(recursive) discover
[0.395s] INFO:colcon.colcon_core.package_discovery:Crawling recursively for packages in '/home/dell/Project_ws/libHCSR04/libHCSR04_ros'
[0.395s] Level 1:colcon.colcon_core.package_identification:_identify(.) by extensions ['ignore', 'ignore_ament_install']
[0.395s] Level 1:colcon.colcon_core.package_identification:_identify(.) by extension 'ignore'
[0.396s] Level 1:colcon.colcon_core.package_identification:_identify(.) by extension 'ignore_ament_install'
[0.396s] Level 1:colcon.colcon_core.package_identification:_identify(.) by extensions ['colcon_pkg']
[0.396s] Level 1:colcon.colcon_core.package_identification:_identify(.) by extension 'colcon_pkg'
[0.396s] Level 1:colcon.colcon_core.package_identification:_identify(.) by extensions ['colcon_meta']
[0.396s] Level 1:colcon.colcon_core.package_identification:_identify(.) by extension 'colcon_meta'
[0.396s] Level 1:colcon.colcon_core.package_identification:_identify(.) by extensions ['ros']
[0.396s] Level 1:colcon.colcon_core.package_identification:_identify(.) by extension 'ros'
[0.418s] DEBUG:colcon.colcon_core.package_identification:Package '.' with type 'ros.ament_cmake' and name 'lib_hcsr04_ros'
[0.418s] Level 1:colcon.colcon_core.package_discovery:discover_packages(recursive) using defaults
[0.418s] Level 1:colcon.colcon_core.package_discovery:discover_packages(ignore) discover
[0.418s] Level 1:colcon.colcon_core.package_discovery:discover_packages(ignore) using defaults
[0.418s] Level 1:colcon.colcon_core.package_discovery:discover_packages(path) discover
[0.418s] Level 1:colcon.colcon_core.package_discovery:discover_packages(path) using defaults
[0.465s] Level 1:colcon.colcon_core.package_discovery:discover_packages(prefix_path) check parameters
[0.465s] Level 1:colcon.colcon_core.package_discovery:discover_packages(prefix_path) discover
[0.468s] DEBUG:colcon.colcon_installed_package_information.package_discovery:Found 1 installed packages in /home/dell/libHCSR04/libHCSR04_ros/install
[0.470s] DEBUG:colcon.colcon_installed_package_information.package_discovery:Found 3 installed packages in /home/dell/Project_ws/install
[0.471s] DEBUG:colcon.colcon_installed_package_information.package_discovery:Found 1 installed packages in /home/dell/ros2_ws/install
[0.473s] DEBUG:colcon.colcon_installed_package_information.package_discovery:Found 179 installed packages in /opt/ros/humble
[0.476s] Level 1:colcon.colcon_core.package_discovery:discover_packages(prefix_path) using defaults
[0.532s] Level 5:colcon.colcon_core.verb:set package 'lib_hcsr04_ros' build argument 'cmake_args' from command line to 'None'
[0.532s] Level 5:colcon.colcon_core.verb:set package 'lib_hcsr04_ros' build argument 'cmake_target' from command line to 'None'
[0.532s] Level 5:colcon.colcon_core.verb:set package 'lib_hcsr04_ros' build argument 'cmake_target_skip_unavailable' from command line to 'False'
[0.532s] Level 5:colcon.colcon_core.verb:set package 'lib_hcsr04_ros' build argument 'cmake_clean_cache' from command line to 'False'
[0.532s] Level 5:colcon.colcon_core.verb:set package 'lib_hcsr04_ros' build argument 'cmake_clean_first' from command line to 'False'
[0.532s] Level 5:colcon.colcon_core.verb:set package 'lib_hcsr04_ros' build argument 'cmake_force_configure' from command line to 'False'
[0.532s] Level 5:colcon.colcon_core.verb:set package 'lib_hcsr04_ros' build argument 'ament_cmake_args' from command line to 'None'
[0.532s] Level 5:colcon.colcon_core.verb:set package 'lib_hcsr04_ros' build argument 'catkin_cmake_args' from command line to 'None'
[0.532s] Level 5:colcon.colcon_core.verb:set package 'lib_hcsr04_ros' build argument 'catkin_skip_building_tests' from command line to 'False'
[0.532s] DEBUG:colcon.colcon_core.verb:Building package 'lib_hcsr04_ros' with the following arguments: {'ament_cmake_args': None, 'build_base': '/home/dell/Project_ws/libHCSR04/libHCSR04_ros/build/lib_hcsr04_ros', 'catkin_cmake_args': None, 'catkin_skip_building_tests': False, 'cmake_args': None, 'cmake_clean_cache': False, 'cmake_clean_first': False, 'cmake_force_configure': False, 'cmake_target': None, 'cmake_target_skip_unavailable': False, 'install_base': '/home/dell/Project_ws/libHCSR04/libHCSR04_ros/install/lib_hcsr04_ros', 'merge_install': False, 'path': '/home/dell/Project_ws/libHCSR04/libHCSR04_ros', 'symlink_install': True, 'test_result_base': None}
[0.532s] INFO:colcon.colcon_core.executor:Executing jobs using 'sequential' executor
[0.534s] DEBUG:colcon.colcon_core.executor.sequential:run_until_complete 'lib_hcsr04_ros'
[0.534s] INFO:colcon.colcon_ros.task.ament_cmake.build:Building ROS package in '/home/dell/Project_ws/libHCSR04/libHCSR04_ros' with build type 'ament_cmake'
[0.534s] INFO:colcon.colcon_cmake.task.cmake.build:Building CMake package in '/home/dell/Project_ws/libHCSR04/libHCSR04_ros'
[0.537s] INFO:colcon.colcon_core.plugin_system:Skipping extension 'colcon_core.shell.bat': Not used on non-Windows systems
[0.537s] INFO:colcon.colcon_core.shell:Skip shell extension 'powershell' for command environment: Not usable outside of PowerShell
[0.537s] DEBUG:colcon.colcon_core.shell:Skip shell extension 'dsv' for command environment
[0.551s] DEBUG:colcon.colcon_core.event_handler.log_command:Invoking command in '/home/dell/Project_ws/libHCSR04/libHCSR04_ros/build/lib_hcsr04_ros': CMAKE_PREFIX_PATH=${CMAKE_PREFIX_PATH}:/opt/ros/humble /usr/bin/cmake /home/dell/Project_ws/libHCSR04/libHCSR04_ros -DAMENT_CMAKE_SYMLINK_INSTALL=1 -DCMAKE_INSTALL_PREFIX=/home/dell/Project_ws/libHCSR04/libHCSR04_ros/install/lib_hcsr04_ros
[2.334s] DEBUG:colcon.colcon_core.event_handler.log_command:Invoked command in '/home/dell/Project_ws/libHCSR04/libHCSR04_ros/build/lib_hcsr04_ros' returned '0': CMAKE_PREFIX_PATH=${CMAKE_PREFIX_PATH}:/opt/ros/humble /usr/bin/cmake /home/dell/Project_ws/libHCSR04/libHCSR04_ros -DAMENT_CMAKE_SYMLINK_INSTALL=1 -DCMAKE_INSTALL_PREFIX=/home/dell/Project_ws/libHCSR04/libHCSR04_ros/install/lib_hcsr04_ros
[2.337s] DEBUG:colcon.colcon_core.event_handler.log_command:Invoking command in '/home/dell/Project_ws/libHCSR04/libHCSR04_ros/build/lib_hcsr04_ros': CMAKE_PREFIX_PATH=${CMAKE_PREFIX_PATH}:/opt/ros/humble /usr/bin/cmake --build /home/dell/Project_ws/libHCSR04/libHCSR04_ros/build/lib_hcsr04_ros -- -j4 -l4
[7.727s] DEBUG:colcon.colcon_core.event_handler.log_command:Invoked command in '/home/dell/Project_ws/libHCSR04/libHCSR04_ros/build/lib_hcsr04_ros' returned '2': CMAKE_PREFIX_PATH=${CMAKE_PREFIX_PATH}:/opt/ros/humble /usr/bin/cmake --build /home/dell/Project_ws/libHCSR04/libHCSR04_ros/build/lib_hcsr04_ros -- -j4 -l4
[7.728s] Level 1:colcon.colcon_core.environment:create_environment_scripts_only(lib_hcsr04_ros)
[7.731s] Level 1:colcon.colcon_core.environment:checking '/home/dell/Project_ws/libHCSR04/libHCSR04_ros/install/lib_hcsr04_ros' for CMake module files
[7.732s] Level 1:colcon.colcon_core.environment:checking '/home/dell/Project_ws/libHCSR04/libHCSR04_ros/install/lib_hcsr04_ros' for CMake config files
[7.732s] Level 1:colcon.colcon_core.environment:checking '/home/dell/Project_ws/libHCSR04/libHCSR04_ros/install/lib_hcsr04_ros/bin'
[7.732s] Level 1:colcon.colcon_core.environment:checking '/home/dell/Project_ws/libHCSR04/libHCSR04_ros/install/lib_hcsr04_ros/lib/pkgconfig/lib_hcsr04_ros.pc'
[7.733s] Level 1:colcon.colcon_core.environment:checking '/home/dell/Project_ws/libHCSR04/libHCSR04_ros/install/lib_hcsr04_ros/lib/python3.10/site-packages'
[7.733s] Level 1:colcon.colcon_core.environment:checking '/home/dell/Project_ws/libHCSR04/libHCSR04_ros/install/lib_hcsr04_ros/bin'
[7.733s] INFO:colcon.colcon_core.shell:Creating package script '/home/dell/Project_ws/libHCSR04/libHCSR04_ros/install/lib_hcsr04_ros/share/lib_hcsr04_ros/package.ps1'
[7.735s] INFO:colcon.colcon_core.shell:Creating package descriptor '/home/dell/Project_ws/libHCSR04/libHCSR04_ros/install/lib_hcsr04_ros/share/lib_hcsr04_ros/package.dsv'
[7.736s] INFO:colcon.colcon_core.shell:Creating package script '/home/dell/Project_ws/libHCSR04/libHCSR04_ros/install/lib_hcsr04_ros/share/lib_hcsr04_ros/package.sh'
[7.737s] INFO:colcon.colcon_core.shell:Creating package script '/home/dell/Project_ws/libHCSR04/libHCSR04_ros/install/lib_hcsr04_ros/share/lib_hcsr04_ros/package.bash'
[7.738s] INFO:colcon.colcon_core.shell:Creating package script '/home/dell/Project_ws/libHCSR04/libHCSR04_ros/install/lib_hcsr04_ros/share/lib_hcsr04_ros/package.zsh'
[7.739s] Level 1:colcon.colcon_core.environment:create_file_with_runtime_dependencies(/home/dell/Project_ws/libHCSR04/libHCSR04_ros/install/lib_hcsr04_ros/share/colcon-core/packages/lib_hcsr04_ros)
[7.740s] DEBUG:colcon.colcon_core.executor.sequential:run_until_complete 'lib_hcsr04_ros' finished with '2'
[7.740s] DEBUG:colcon.colcon_core.executor.sequential:closing loop
[7.740s] DEBUG:colcon.colcon_core.executor.sequential:loop closed
[7.741s] DEBUG:colcon.colcon_core.event_reactor:joining thread
[7.757s] INFO:colcon.colcon_core.plugin_system:Skipping extension 'colcon_notification.desktop_notification.terminal_notifier': Not used on non-Darwin systems
[7.757s] INFO:colcon.colcon_core.plugin_system:Skipping extension 'colcon_notification.desktop_notification.win32': Not used on non-Windows systems
[7.757s] INFO:colcon.colcon_notification.desktop_notification:Sending desktop notification using 'notify2'
[7.799s] DEBUG:colcon.colcon_core.event_reactor:joined thread
[7.800s] INFO:colcon.colcon_core.shell:Creating prefix script '/home/dell/Project_ws/libHCSR04/libHCSR04_ros/install/local_setup.ps1'
[7.803s] INFO:colcon.colcon_core.shell:Creating prefix util module '/home/dell/Project_ws/libHCSR04/libHCSR04_ros/install/_local_setup_util_ps1.py'
[7.807s] INFO:colcon.colcon_core.shell:Creating prefix chain script '/home/dell/Project_ws/libHCSR04/libHCSR04_ros/install/setup.ps1'
[7.811s] INFO:colcon.colcon_core.shell:Creating prefix script '/home/dell/Project_ws/libHCSR04/libHCSR04_ros/install/local_setup.sh'
[7.815s] INFO:colcon.colcon_core.shell:Creating prefix util module '/home/dell/Project_ws/libHCSR04/libHCSR04_ros/install/_local_setup_util_sh.py'
[7.817s] INFO:colcon.colcon_core.shell:Creating prefix chain script '/home/dell/Project_ws/libHCSR04/libHCSR04_ros/install/setup.sh'
[7.820s] INFO:colcon.colcon_core.shell:Creating prefix script '/home/dell/Project_ws/libHCSR04/libHCSR04_ros/install/local_setup.bash'
[7.821s] INFO:colcon.colcon_core.shell:Creating prefix chain script '/home/dell/Project_ws/libHCSR04/libHCSR04_ros/install/setup.bash'
[7.824s] INFO:colcon.colcon_core.shell:Creating prefix script '/home/dell/Project_ws/libHCSR04/libHCSR04_ros/install/local_setup.zsh'
[7.825s] INFO:colcon.colcon_core.shell:Creating prefix chain script '/home/dell/Project_ws/libHCSR04/libHCSR04_ros/install/setup.zsh'
