-- Found ament_cmake: 1.3.11 (/opt/ros/humble/share/ament_cmake/cmake)
-- Found rclcpp: 16.0.11 (/opt/ros/humble/share/rclcpp/cmake)
-- Found rosidl_generator_c: 3.1.6 (/opt/ros/humble/share/rosidl_generator_c/cmake)
-- Found rosidl_adapter: 3.1.6 (/opt/ros/humble/share/rosidl_adapter/cmake)
-- Found rosidl_generator_cpp: 3.1.6 (/opt/ros/humble/share/rosidl_generator_cpp/cmake)
-- Using all available rosidl_typesupport_c: rosidl_typesupport_fastrtps_c;rosidl_typesupport_introspection_c
-- Using all available rosidl_typesupport_cpp: rosidl_typesupport_fastrtps_cpp;rosidl_typesupport_introspection_cpp
-- Found rmw_implementation_cmake: 6.1.2 (/opt/ros/humble/share/rmw_implementation_cmake/cmake)
-- Found rmw_fastrtps_cpp: 6.2.7 (/opt/ros/humble/share/rmw_fastrtps_cpp/cmake)
-- Using RMW implementation 'rmw_fastrtps_cpp' as default
-- Found geometry_msgs: 4.2.4 (/opt/ros/humble/share/geometry_msgs/cmake)
-- Configuring done
-- Generating done
-- Build files have been written to: /home/kemo/Azza_ws/src/boundry_publisher/build/boundary_publisher
[ 50%] [32mBuilding CXX object CMakeFiles/boundary_publisher_node.dir/src/boundary_publisher.cpp.o[0m
[100%] [32m[1mLinking CXX executable boundary_publisher_node[0m
[100%] Built target boundary_publisher_node
-- Install configuration: ""
-- Installing: /home/kemo/Azza_ws/src/boundry_publisher/install/boundary_publisher/lib/boundary_publisher/boundary_publisher_node
-- Set runtime path of "/home/kemo/Azza_ws/src/boundry_publisher/install/boundary_publisher/lib/boundary_publisher/boundary_publisher_node" to ""
-- Installing: /home/kemo/Azza_ws/src/boundry_publisher/install/boundary_publisher/share/ament_index/resource_index/package_run_dependencies/boundary_publisher
-- Installing: /home/kemo/Azza_ws/src/boundry_publisher/install/boundary_publisher/share/ament_index/resource_index/parent_prefix_path/boundary_publisher
-- Installing: /home/kemo/Azza_ws/src/boundry_publisher/install/boundary_publisher/share/boundary_publisher/environment/ament_prefix_path.sh
-- Installing: /home/kemo/Azza_ws/src/boundry_publisher/install/boundary_publisher/share/boundary_publisher/environment/ament_prefix_path.dsv
-- Installing: /home/kemo/Azza_ws/src/boundry_publisher/install/boundary_publisher/share/boundary_publisher/environment/path.sh
-- Installing: /home/kemo/Azza_ws/src/boundry_publisher/install/boundary_publisher/share/boundary_publisher/environment/path.dsv
-- Installing: /home/kemo/Azza_ws/src/boundry_publisher/install/boundary_publisher/share/boundary_publisher/local_setup.bash
-- Installing: /home/kemo/Azza_ws/src/boundry_publisher/install/boundary_publisher/share/boundary_publisher/local_setup.sh
-- Installing: /home/kemo/Azza_ws/src/boundry_publisher/install/boundary_publisher/share/boundary_publisher/local_setup.zsh
-- Installing: /home/kemo/Azza_ws/src/boundry_publisher/install/boundary_publisher/share/boundary_publisher/local_setup.dsv
-- Installing: /home/kemo/Azza_ws/src/boundry_publisher/install/boundary_publisher/share/boundary_publisher/package.dsv
-- Installing: /home/kemo/Azza_ws/src/boundry_publisher/install/boundary_publisher/share/ament_index/resource_index/packages/boundary_publisher
-- Installing: /home/kemo/Azza_ws/src/boundry_publisher/install/boundary_publisher/share/boundary_publisher/cmake/boundary_publisherConfig.cmake
-- Installing: /home/kemo/Azza_ws/src/boundry_publisher/install/boundary_publisher/share/boundary_publisher/cmake/boundary_publisherConfig-version.cmake
-- Installing: /home/kemo/Azza_ws/src/boundry_publisher/install/boundary_publisher/share/boundary_publisher/package.xml
