[0.008s] Invoking command in '/home/kemo/Azza_ws/src/boundry_publisher/build/boundary_publisher': CMAKE_PREFIX_PATH=${CMAKE_PREFIX_PATH}:/home/kemo/ros_ws/install/my_py_pkg:/opt/ros/humble /usr/bin/cmake /home/kemo/Azza_ws/src/boundry_publisher -DCMAKE_INSTALL_PREFIX=/home/kemo/Azza_ws/src/boundry_publisher/install/boundary_publisher
[0.019s] -- Found ament_cmake: 1.3.11 (/opt/ros/humble/share/ament_cmake/cmake)
[0.114s] -- Found rclcpp: 16.0.11 (/opt/ros/humble/share/rclcpp/cmake)
[0.135s] -- Found rosidl_generator_c: 3.1.6 (/opt/ros/humble/share/rosidl_generator_c/cmake)
[0.137s] -- Found rosidl_adapter: 3.1.6 (/opt/ros/humble/share/rosidl_adapter/cmake)
[0.141s] -- Found rosidl_generator_cpp: 3.1.6 (/opt/ros/humble/share/rosidl_generator_cpp/cmake)
[0.148s] -- Using all available rosidl_typesupport_c: rosidl_typesupport_fastrtps_c;rosidl_typesupport_introspection_c
[0.159s] -- Using all available rosidl_typesupport_cpp: rosidl_typesupport_fastrtps_cpp;rosidl_typesupport_introspection_cpp
[0.182s] -- Found rmw_implementation_cmake: 6.1.2 (/opt/ros/humble/share/rmw_implementation_cmake/cmake)
[0.183s] -- Found rmw_fastrtps_cpp: 6.2.7 (/opt/ros/humble/share/rmw_fastrtps_cpp/cmake)
[0.271s] -- Using RMW implementation 'rmw_fastrtps_cpp' as default
[0.305s] -- Found geometry_msgs: 4.2.4 (/opt/ros/humble/share/geometry_msgs/cmake)
[0.361s] -- Configuring done
[0.363s] [31mCMake Error at CMakeLists.txt:15 (add_executable):
[0.363s]   Cannot find source file:
[0.363s] 
[0.364s]     src/boundary_publisher_node.cpp
[0.364s] 
[0.364s]   Tried extensions .c .C .c++ .cc .cpp .cxx .cu .mpp .m .M .mm .ixx .cppm .h
[0.364s]   .hh .h++ .hm .hpp .hxx .in .txx .f .F .for .f77 .f90 .f95 .f03 .hip .ispc
[0.364s] 
[0.364s] [0m
[0.364s] [31mCMake Error at CMakeLists.txt:15 (add_executable):
[0.364s]   No SOURCES given to target: boundary_publisher_node
[0.364s] 
[0.364s] [0m
[0.365s] [0mCMake Generate step failed.  Build files cannot be regenerated correctly.[0m
[0.372s] Invoked command in '/home/kemo/Azza_ws/src/boundry_publisher/build/boundary_publisher' returned '1': CMAKE_PREFIX_PATH=${CMAKE_PREFIX_PATH}:/home/kemo/ros_ws/install/my_py_pkg:/opt/ros/humble /usr/bin/cmake /home/kemo/Azza_ws/src/boundry_publisher -DCMAKE_INSTALL_PREFIX=/home/kemo/Azza_ws/src/boundry_publisher/install/boundary_publisher
