[0.009s] Invoking command in '/home/kemo/Azza_ws/src/boundry_publisher/build/boundary_publisher': CMAKE_PREFIX_PATH=${CMAKE_PREFIX_PATH}:/home/kemo/ros_ws/install/my_py_pkg:/opt/ros/humble /usr/bin/cmake --build /home/kemo/Azza_ws/src/boundry_publisher/build/boundary_publisher -- -j16 -l16
[0.029s] -- Found ament_cmake: 1.3.11 (/opt/ros/humble/share/ament_cmake/cmake)
[0.120s] -- Found rclcpp: 16.0.11 (/opt/ros/humble/share/rclcpp/cmake)
[0.141s] -- Found rosidl_generator_c: 3.1.6 (/opt/ros/humble/share/rosidl_generator_c/cmake)
[0.143s] -- Found rosidl_adapter: 3.1.6 (/opt/ros/humble/share/rosidl_adapter/cmake)
[0.147s] -- Found rosidl_generator_cpp: 3.1.6 (/opt/ros/humble/share/rosidl_generator_cpp/cmake)
[0.153s] -- Using all available rosidl_typesupport_c: rosidl_typesupport_fastrtps_c;rosidl_typesupport_introspection_c
[0.162s] -- Using all available rosidl_typesupport_cpp: rosidl_typesupport_fastrtps_cpp;rosidl_typesupport_introspection_cpp
[0.184s] -- Found rmw_implementation_cmake: 6.1.2 (/opt/ros/humble/share/rmw_implementation_cmake/cmake)
[0.185s] -- Found rmw_fastrtps_cpp: 6.2.7 (/opt/ros/humble/share/rmw_fastrtps_cpp/cmake)
[0.275s] -- Using RMW implementation 'rmw_fastrtps_cpp' as default
[0.308s] -- Found geometry_msgs: 4.2.4 (/opt/ros/humble/share/geometry_msgs/cmake)
[0.364s] -- Configuring done
[0.371s] -- Generating done
[0.374s] -- Build files have been written to: /home/kemo/Azza_ws/src/boundry_publisher/build/boundary_publisher
[0.406s] [ 50%] [32mBuilding CXX object CMakeFiles/boundary_publisher.dir/src/boundary_publisher.cpp.o[0m
[3.391s] [100%] [32m[1mLinking CXX executable boundary_publisher[0m
[3.547s] [100%] Built target boundary_publisher
[3.557s] Invoked command in '/home/kemo/Azza_ws/src/boundry_publisher/build/boundary_publisher' returned '0': CMAKE_PREFIX_PATH=${CMAKE_PREFIX_PATH}:/home/kemo/ros_ws/install/my_py_pkg:/opt/ros/humble /usr/bin/cmake --build /home/kemo/Azza_ws/src/boundry_publisher/build/boundary_publisher -- -j16 -l16
[3.568s] Invoking command in '/home/kemo/Azza_ws/src/boundry_publisher/build/boundary_publisher': CMAKE_PREFIX_PATH=${CMAKE_PREFIX_PATH}:/home/kemo/ros_ws/install/my_py_pkg:/opt/ros/humble /usr/bin/cmake --install /home/kemo/Azza_ws/src/boundry_publisher/build/boundary_publisher
[3.576s] -- Install configuration: ""
[3.576s] -- Installing: /home/kemo/Azza_ws/src/boundry_publisher/install/boundary_publisher/lib/boundary_publisher/boundary_publisher
[3.577s] -- Set runtime path of "/home/kemo/Azza_ws/src/boundry_publisher/install/boundary_publisher/lib/boundary_publisher/boundary_publisher" to ""
[3.577s] -- Up-to-date: /home/kemo/Azza_ws/src/boundry_publisher/install/boundary_publisher/share/ament_index/resource_index/package_run_dependencies/boundary_publisher
[3.577s] -- Installing: /home/kemo/Azza_ws/src/boundry_publisher/install/boundary_publisher/share/ament_index/resource_index/parent_prefix_path/boundary_publisher
[3.577s] -- Up-to-date: /home/kemo/Azza_ws/src/boundry_publisher/install/boundary_publisher/share/boundary_publisher/environment/ament_prefix_path.sh
[3.577s] -- Installing: /home/kemo/Azza_ws/src/boundry_publisher/install/boundary_publisher/share/boundary_publisher/environment/ament_prefix_path.dsv
[3.577s] -- Up-to-date: /home/kemo/Azza_ws/src/boundry_publisher/install/boundary_publisher/share/boundary_publisher/environment/path.sh
[3.577s] -- Installing: /home/kemo/Azza_ws/src/boundry_publisher/install/boundary_publisher/share/boundary_publisher/environment/path.dsv
[3.577s] -- Up-to-date: /home/kemo/Azza_ws/src/boundry_publisher/install/boundary_publisher/share/boundary_publisher/local_setup.bash
[3.577s] -- Up-to-date: /home/kemo/Azza_ws/src/boundry_publisher/install/boundary_publisher/share/boundary_publisher/local_setup.sh
[3.577s] -- Up-to-date: /home/kemo/Azza_ws/src/boundry_publisher/install/boundary_publisher/share/boundary_publisher/local_setup.zsh
[3.577s] -- Installing: /home/kemo/Azza_ws/src/boundry_publisher/install/boundary_publisher/share/boundary_publisher/local_setup.dsv
[3.578s] -- Installing: /home/kemo/Azza_ws/src/boundry_publisher/install/boundary_publisher/share/boundary_publisher/package.dsv
[3.578s] -- Up-to-date: /home/kemo/Azza_ws/src/boundry_publisher/install/boundary_publisher/share/ament_index/resource_index/packages/boundary_publisher
[3.578s] -- Up-to-date: /home/kemo/Azza_ws/src/boundry_publisher/install/boundary_publisher/share/boundary_publisher/cmake/boundary_publisherConfig.cmake
[3.578s] -- Up-to-date: /home/kemo/Azza_ws/src/boundry_publisher/install/boundary_publisher/share/boundary_publisher/cmake/boundary_publisherConfig-version.cmake
[3.578s] -- Up-to-date: /home/kemo/Azza_ws/src/boundry_publisher/install/boundary_publisher/share/boundary_publisher/package.xml
[3.580s] Invoked command in '/home/kemo/Azza_ws/src/boundry_publisher/build/boundary_publisher' returned '0': CMAKE_PREFIX_PATH=${CMAKE_PREFIX_PATH}:/home/kemo/ros_ws/install/my_py_pkg:/opt/ros/humble /usr/bin/cmake --install /home/kemo/Azza_ws/src/boundry_publisher/build/boundary_publisher
