[35m[1mConsolidate compiler generated dependencies of target lc29h_gps_rtk_node[0m
[100%] Built target lc29h_gps_rtk_node
-- Install configuration: ""
-- Installing: /home/kemo/Azza_ws/src/lc29h_gps_rtk-main/install/lc29h_gps_rtk/lib/lc29h_gps_rtk/lc29h_gps_rtk_node
-- Set runtime path of "/home/kemo/Azza_ws/src/lc29h_gps_rtk-main/install/lc29h_gps_rtk/lib/lc29h_gps_rtk/lc29h_gps_rtk_node" to ""
-- Installing: /home/kemo/Azza_ws/src/lc29h_gps_rtk-main/install/lc29h_gps_rtk/share/lc29h_gps_rtk//launch
-- Installing: /home/kemo/Azza_ws/src/lc29h_gps_rtk-main/install/lc29h_gps_rtk/share/lc29h_gps_rtk//launch/lc29h_gps_rtk.launch.py-sample
-- Installing: /home/kemo/Azza_ws/src/lc29h_gps_rtk-main/install/lc29h_gps_rtk/share/ament_index/resource_index/package_run_dependencies/lc29h_gps_rtk
-- Installing: /home/kemo/Azza_ws/src/lc29h_gps_rtk-main/install/lc29h_gps_rtk/share/ament_index/resource_index/parent_prefix_path/lc29h_gps_rtk
-- Installing: /home/kemo/Azza_ws/src/lc29h_gps_rtk-main/install/lc29h_gps_rtk/share/lc29h_gps_rtk/environment/ament_prefix_path.sh
-- Installing: /home/kemo/Azza_ws/src/lc29h_gps_rtk-main/install/lc29h_gps_rtk/share/lc29h_gps_rtk/environment/ament_prefix_path.dsv
-- Installing: /home/kemo/Azza_ws/src/lc29h_gps_rtk-main/install/lc29h_gps_rtk/share/lc29h_gps_rtk/environment/path.sh
-- Installing: /home/kemo/Azza_ws/src/lc29h_gps_rtk-main/install/lc29h_gps_rtk/share/lc29h_gps_rtk/environment/path.dsv
-- Installing: /home/kemo/Azza_ws/src/lc29h_gps_rtk-main/install/lc29h_gps_rtk/share/lc29h_gps_rtk/local_setup.bash
-- Installing: /home/kemo/Azza_ws/src/lc29h_gps_rtk-main/install/lc29h_gps_rtk/share/lc29h_gps_rtk/local_setup.sh
-- Installing: /home/kemo/Azza_ws/src/lc29h_gps_rtk-main/install/lc29h_gps_rtk/share/lc29h_gps_rtk/local_setup.zsh
-- Installing: /home/kemo/Azza_ws/src/lc29h_gps_rtk-main/install/lc29h_gps_rtk/share/lc29h_gps_rtk/local_setup.dsv
-- Installing: /home/kemo/Azza_ws/src/lc29h_gps_rtk-main/install/lc29h_gps_rtk/share/lc29h_gps_rtk/package.dsv
-- Installing: /home/kemo/Azza_ws/src/lc29h_gps_rtk-main/install/lc29h_gps_rtk/share/ament_index/resource_index/packages/lc29h_gps_rtk
-- Installing: /home/kemo/Azza_ws/src/lc29h_gps_rtk-main/install/lc29h_gps_rtk/share/lc29h_gps_rtk/cmake/lc29h_gps_rtkConfig.cmake
-- Installing: /home/kemo/Azza_ws/src/lc29h_gps_rtk-main/install/lc29h_gps_rtk/share/lc29h_gps_rtk/cmake/lc29h_gps_rtkConfig-version.cmake
-- Installing: /home/kemo/Azza_ws/src/lc29h_gps_rtk-main/install/lc29h_gps_rtk/share/lc29h_gps_rtk/package.xml
