[0.008s] Invoking command in '/home/kemo/Azza_ws/src/lc29h_gps_rtk-main/build/lc29h_gps_rtk': CMAKE_PREFIX_PATH=${CMAKE_PREFIX_PATH}:/home/kemo/ros_ws/install/my_py_pkg:/opt/ros/humble /usr/bin/cmake --build /home/kemo/Azza_ws/src/lc29h_gps_rtk-main/build/lc29h_gps_rtk -- -j16 -l16
[0.044s] [35m[1mConsolidate compiler generated dependencies of target lc29h_gps_rtk_node[0m
[0.073s] [100%] Built target lc29h_gps_rtk_node
[0.082s] Invoked command in '/home/kemo/Azza_ws/src/lc29h_gps_rtk-main/build/lc29h_gps_rtk' returned '0': CMAKE_PREFIX_PATH=${CMAKE_PREFIX_PATH}:/home/kemo/ros_ws/install/my_py_pkg:/opt/ros/humble /usr/bin/cmake --build /home/kemo/Azza_ws/src/lc29h_gps_rtk-main/build/lc29h_gps_rtk -- -j16 -l16
[0.090s] Invoking command in '/home/kemo/Azza_ws/src/lc29h_gps_rtk-main/build/lc29h_gps_rtk': CMAKE_PREFIX_PATH=${CMAKE_PREFIX_PATH}:/home/kemo/ros_ws/install/my_py_pkg:/opt/ros/humble /usr/bin/cmake --install /home/kemo/Azza_ws/src/lc29h_gps_rtk-main/build/lc29h_gps_rtk
[0.095s] -- Install configuration: ""
[0.095s] -- Installing: /home/kemo/Azza_ws/src/lc29h_gps_rtk-main/install/lc29h_gps_rtk/lib/lc29h_gps_rtk/lc29h_gps_rtk_node
[0.097s] -- Set runtime path of "/home/kemo/Azza_ws/src/lc29h_gps_rtk-main/install/lc29h_gps_rtk/lib/lc29h_gps_rtk/lc29h_gps_rtk_node" to ""
[0.097s] -- Installing: /home/kemo/Azza_ws/src/lc29h_gps_rtk-main/install/lc29h_gps_rtk/share/lc29h_gps_rtk//launch
[0.098s] -- Installing: /home/kemo/Azza_ws/src/lc29h_gps_rtk-main/install/lc29h_gps_rtk/share/lc29h_gps_rtk//launch/lc29h_gps_rtk.launch.py-sample
[0.098s] -- Installing: /home/kemo/Azza_ws/src/lc29h_gps_rtk-main/install/lc29h_gps_rtk/share/ament_index/resource_index/package_run_dependencies/lc29h_gps_rtk
[0.098s] -- Installing: /home/kemo/Azza_ws/src/lc29h_gps_rtk-main/install/lc29h_gps_rtk/share/ament_index/resource_index/parent_prefix_path/lc29h_gps_rtk
[0.098s] -- Installing: /home/kemo/Azza_ws/src/lc29h_gps_rtk-main/install/lc29h_gps_rtk/share/lc29h_gps_rtk/environment/ament_prefix_path.sh
[0.098s] -- Installing: /home/kemo/Azza_ws/src/lc29h_gps_rtk-main/install/lc29h_gps_rtk/share/lc29h_gps_rtk/environment/ament_prefix_path.dsv
[0.099s] -- Installing: /home/kemo/Azza_ws/src/lc29h_gps_rtk-main/install/lc29h_gps_rtk/share/lc29h_gps_rtk/environment/path.sh
[0.099s] -- Installing: /home/kemo/Azza_ws/src/lc29h_gps_rtk-main/install/lc29h_gps_rtk/share/lc29h_gps_rtk/environment/path.dsv
[0.099s] -- Installing: /home/kemo/Azza_ws/src/lc29h_gps_rtk-main/install/lc29h_gps_rtk/share/lc29h_gps_rtk/local_setup.bash
[0.099s] -- Installing: /home/kemo/Azza_ws/src/lc29h_gps_rtk-main/install/lc29h_gps_rtk/share/lc29h_gps_rtk/local_setup.sh
[0.099s] -- Installing: /home/kemo/Azza_ws/src/lc29h_gps_rtk-main/install/lc29h_gps_rtk/share/lc29h_gps_rtk/local_setup.zsh
[0.099s] -- Installing: /home/kemo/Azza_ws/src/lc29h_gps_rtk-main/install/lc29h_gps_rtk/share/lc29h_gps_rtk/local_setup.dsv
[0.100s] -- Installing: /home/kemo/Azza_ws/src/lc29h_gps_rtk-main/install/lc29h_gps_rtk/share/lc29h_gps_rtk/package.dsv
[0.100s] -- Installing: /home/kemo/Azza_ws/src/lc29h_gps_rtk-main/install/lc29h_gps_rtk/share/ament_index/resource_index/packages/lc29h_gps_rtk
[0.100s] -- Installing: /home/kemo/Azza_ws/src/lc29h_gps_rtk-main/install/lc29h_gps_rtk/share/lc29h_gps_rtk/cmake/lc29h_gps_rtkConfig.cmake
[0.100s] -- Installing: /home/kemo/Azza_ws/src/lc29h_gps_rtk-main/install/lc29h_gps_rtk/share/lc29h_gps_rtk/cmake/lc29h_gps_rtkConfig-version.cmake
[0.100s] -- Installing: /home/kemo/Azza_ws/src/lc29h_gps_rtk-main/install/lc29h_gps_rtk/share/lc29h_gps_rtk/package.xml
[0.102s] Invoked command in '/home/kemo/Azza_ws/src/lc29h_gps_rtk-main/build/lc29h_gps_rtk' returned '0': CMAKE_PREFIX_PATH=${CMAKE_PREFIX_PATH}:/home/kemo/ros_ws/install/my_py_pkg:/opt/ros/humble /usr/bin/cmake --install /home/kemo/Azza_ws/src/lc29h_gps_rtk-main/build/lc29h_gps_rtk
