[01m[K/home/dell/Project_ws/libHCSR04/libHCSR04_ros/src/UltrasonicHCSR04Wrapper.cpp:[m[K In constructor ‘[01m[KUltrasonicHCSR04Wrapper::UltrasonicHCSR04Wrapper()[m[K’:
[01m[K/home/dell/Project_ws/libHCSR04/libHCSR04_ros/src/UltrasonicHCSR04Wrapper.cpp:16:58:[m[K [01;31m[Kerror: [m[Kinvalid conversion from ‘[01m[Kconst char*[m[K’ to ‘[01m[Kint[m[K’ [[01;31m[K]8;;https://gcc.gnu.org/onlinedocs/gcc/Warning-Options.html#index-fpermissive-fpermissive]8;;[m[K]
   16 |     this->declare_parameter<int>("relative_to_frame_id", [01;31m[K"base_link"[m[K);
      |                                                          [01;31m[K^~~~~~~~~~~[m[K
      |                                                          [01;31m[K|[m[K
      |                                                          [01;31m[Kconst char*[m[K
In file included from [01m[K/opt/ros/humble/include/rclcpp/rclcpp/node.hpp:1321[m[K,
                 from [01m[K/opt/ros/humble/include/rclcpp/rclcpp/executors/single_threaded_executor.hpp:28[m[K,
                 from [01m[K/opt/ros/humble/include/rclcpp/rclcpp/executors.hpp:22[m[K,
                 from [01m[K/opt/ros/humble/include/rclcpp/rclcpp/rclcpp.hpp:155[m[K,
                 from [01m[K/home/dell/Project_ws/libHCSR04/libHCSR04_ros/src/UltrasonicHCSR04Wrapper.cpp:1[m[K:
[01m[K/opt/ros/humble/include/rclcpp/rclcpp/node_impl.hpp:197:22:[m[K [01;36m[Knote: [m[K  initializing argument 2 of ‘[01m[Kauto rclcpp::Node::declare_parameter(const string&, const ParameterT&, const ParameterDescriptor&, bool) [with ParameterT = int; std::string = std::__cxx11::basic_string<char>; rcl_interfaces::msg::ParameterDescriptor = rcl_interfaces::msg::ParameterDescriptor_<std::allocator<void> >][m[K’
  197 |   [01;36m[Kconst ParameterT & default_value[m[K,
      |   [01;36m[K~~~~~~~~~~~~~~~~~~~^~~~~~~~~~~~~[m[K
[01m[K/home/dell/Project_ws/libHCSR04/libHCSR04_ros/src/UltrasonicHCSR04Wrapper.cpp:21:66:[m[K [01;31m[Kerror: [m[Kno match for ‘[01m[Koperator=[m[K’ (operand types are ‘[01m[Kstd::string[m[K’ {aka ‘[01m[Kstd::__cxx11::basic_string<char>[m[K’} and ‘[01m[Krclcpp::Parameter[m[K’)
   21 |     reference_frame_ = this->get_parameter("relative_to_frame_id"[01;31m[K)[m[K;
      |                                                                  [01;31m[K^[m[K
In file included from [01m[K/usr/include/c++/11/string:55[m[K,
                 from [01m[K/usr/include/c++/11/stdexcept:39[m[K,
                 from [01m[K/usr/include/c++/11/system_error:41[m[K,
                 from [01m[K/usr/include/c++/11/mutex:42[m[K,
                 from [01m[K/usr/include/c++/11/future:38[m[K,
                 from [01m[K/opt/ros/humble/include/rclcpp/rclcpp/executors.hpp:18[m[K,
                 from [01m[K/opt/ros/humble/include/rclcpp/rclcpp/rclcpp.hpp:155[m[K,
                 from [01m[K/home/dell/Project_ws/libHCSR04/libHCSR04_ros/src/UltrasonicHCSR04Wrapper.cpp:1[m[K:
[01m[K/usr/include/c++/11/bits/basic_string.h:799:8:[m[K [01;36m[Knote: [m[Kcandidate: ‘[01m[Ktemplate<class _Tp> std::__cxx11::basic_string<_CharT, _Traits, _Alloc>::_If_sv<_Tp, std::__cxx11::basic_string<_CharT, _Traits, _Alloc>&> std::__cxx11::basic_string<_CharT, _Traits, _Alloc>::operator=(const _Tp&) [with _Tp = _Tp; _CharT = char; _Traits = std::char_traits<char>; _Alloc = std::allocator<char>][m[K’
  799 |        [01;36m[Koperator[m[K=(const _Tp& __svt)
      |        [01;36m[K^~~~~~~~[m[K
[01m[K/usr/include/c++/11/bits/basic_string.h:799:8:[m[K [01;36m[Knote: [m[K  template argument deduction/substitution failed:
In file included from [01m[K/usr/include/c++/11/bits/move.h:57[m[K,
                 from [01m[K/usr/include/c++/11/bits/stl_pair.h:59[m[K,
                 from [01m[K/usr/include/c++/11/bits/stl_algobase.h:64[m[K,
                 from [01m[K/usr/include/c++/11/memory:63[m[K,
                 from [01m[K/opt/ros/humble/include/rclcpp/rclcpp/rclcpp.hpp:153[m[K,
                 from [01m[K/home/dell/Project_ws/libHCSR04/libHCSR04_ros/src/UltrasonicHCSR04Wrapper.cpp:1[m[K:
/usr/include/c++/11/type_traits: In substitution of ‘[01m[Ktemplate<bool _Cond, class _Tp> using enable_if_t = typename std::enable_if::type [with bool _Cond = false; _Tp = std::__cxx11::basic_string<char>&][m[K’:
[01m[K/usr/include/c++/11/bits/basic_string.h:125:8:[m[K   required by substitution of ‘[01m[Ktemplate<class _CharT, class _Traits, class _Alloc> template<class _Tp, class _Res> using _If_sv = std::enable_if_t<std::__and_<std::is_convertible<const _Tp&, std::basic_string_view<_CharT, _Traits> >, std::__not_<std::is_convertible<const _Tp*, const std::__cxx11::basic_string<_CharT, _Traits, _Alloc>*> >, std::__not_<std::is_convertible<const _Tp&, const _CharT*> > >::value, _Res> [with _Tp = rclcpp::Parameter; _Res = std::__cxx11::basic_string<char>&; _CharT = char; _Traits = std::char_traits<char>; _Alloc = std::allocator<char>][m[K’
[01m[K/usr/include/c++/11/bits/basic_string.h:799:8:[m[K   required by substitution of ‘[01m[Ktemplate<class _Tp> std::__cxx11::basic_string<char>::_If_sv<_Tp, std::__cxx11::basic_string<char>&> std::__cxx11::basic_string<char>::operator=<_Tp>(const _Tp&) [with _Tp = rclcpp::Parameter][m[K’
[01m[K/home/dell/Project_ws/libHCSR04/libHCSR04_ros/src/UltrasonicHCSR04Wrapper.cpp:21:66:[m[K   required from here
[01m[K/usr/include/c++/11/type_traits:2579:11:[m[K [01;31m[Kerror: [m[Kno type named ‘[01m[Ktype[m[K’ in ‘[01m[Kstruct std::enable_if<false, std::__cxx11::basic_string<char>&>[m[K’
 2579 |     using [01;31m[Kenable_if_t[m[K = typename enable_if<_Cond, _Tp>::type;
      |           [01;31m[K^~~~~~~~~~~[m[K
In file included from [01m[K/usr/include/c++/11/string:55[m[K,
                 from [01m[K/usr/include/c++/11/stdexcept:39[m[K,
                 from [01m[K/usr/include/c++/11/system_error:41[m[K,
                 from [01m[K/usr/include/c++/11/mutex:42[m[K,
                 from [01m[K/usr/include/c++/11/future:38[m[K,
                 from [01m[K/opt/ros/humble/include/rclcpp/rclcpp/executors.hpp:18[m[K,
                 from [01m[K/opt/ros/humble/include/rclcpp/rclcpp/rclcpp.hpp:155[m[K,
                 from [01m[K/home/dell/Project_ws/libHCSR04/libHCSR04_ros/src/UltrasonicHCSR04Wrapper.cpp:1[m[K:
[01m[K/usr/include/c++/11/bits/basic_string.h:679:7:[m[K [01;36m[Knote: [m[Kcandidate: ‘[01m[Kstd::__cxx11::basic_string<_CharT, _Traits, _Alloc>& std::__cxx11::basic_string<_CharT, _Traits, _Alloc>::operator=(const std::__cxx11::basic_string<_CharT, _Traits, _Alloc>&) [with _CharT = char; _Traits = std::char_traits<char>; _Alloc = std::allocator<char>][m[K’
  679 |       [01;36m[Koperator[m[K=(const basic_string& __str)
      |       [01;36m[K^~~~~~~~[m[K
[01m[K/usr/include/c++/11/bits/basic_string.h:679:37:[m[K [01;36m[Knote: [m[K  no known conversion for argument 1 from ‘[01m[Krclcpp::Parameter[m[K’ to ‘[01m[Kconst std::__cxx11::basic_string<char>&[m[K’
  679 |       operator=([01;36m[Kconst basic_string& __str[m[K)
      |                 [01;36m[K~~~~~~~~~~~~~~~~~~~~^~~~~[m[K
[01m[K/usr/include/c++/11/bits/basic_string.h:689:7:[m[K [01;36m[Knote: [m[Kcandidate: ‘[01m[Kstd::__cxx11::basic_string<_CharT, _Traits, _Alloc>& std::__cxx11::basic_string<_CharT, _Traits, _Alloc>::operator=(const _CharT*) [with _CharT = char; _Traits = std::char_traits<char>; _Alloc = std::allocator<char>][m[K’
  689 |       [01;36m[Koperator[m[K=(const _CharT* __s)
      |       [01;36m[K^~~~~~~~[m[K
[01m[K/usr/include/c++/11/bits/basic_string.h:689:31:[m[K [01;36m[Knote: [m[K  no known conversion for argument 1 from ‘[01m[Krclcpp::Parameter[m[K’ to ‘[01m[Kconst char*[m[K’
  689 |       operator=([01;36m[Kconst _CharT* __s[m[K)
      |                 [01;36m[K~~~~~~~~~~~~~~^~~[m[K
[01m[K/usr/include/c++/11/bits/basic_string.h:700:7:[m[K [01;36m[Knote: [m[Kcandidate: ‘[01m[Kstd::__cxx11::basic_string<_CharT, _Traits, _Alloc>& std::__cxx11::basic_string<_CharT, _Traits, _Alloc>::operator=(_CharT) [with _CharT = char; _Traits = std::char_traits<char>; _Alloc = std::allocator<char>][m[K’
  700 |       [01;36m[Koperator[m[K=(_CharT __c)
      |       [01;36m[K^~~~~~~~[m[K
[01m[K/usr/include/c++/11/bits/basic_string.h:700:24:[m[K [01;36m[Knote: [m[K  no known conversion for argument 1 from ‘[01m[Krclcpp::Parameter[m[K’ to ‘[01m[Kchar[m[K’
  700 |       operator=([01;36m[K_CharT __c[m[K)
      |                 [01;36m[K~~~~~~~^~~[m[K
[01m[K/usr/include/c++/11/bits/basic_string.h:717:7:[m[K [01;36m[Knote: [m[Kcandidate: ‘[01m[Kstd::__cxx11::basic_string<_CharT, _Traits, _Alloc>& std::__cxx11::basic_string<_CharT, _Traits, _Alloc>::operator=(std::__cxx11::basic_string<_CharT, _Traits, _Alloc>&&) [with _CharT = char; _Traits = std::char_traits<char>; _Alloc = std::allocator<char>][m[K’
  717 |       [01;36m[Koperator[m[K=(basic_string&& __str)
      |       [01;36m[K^~~~~~~~[m[K
[01m[K/usr/include/c++/11/bits/basic_string.h:717:32:[m[K [01;36m[Knote: [m[K  no known conversion for argument 1 from ‘[01m[Krclcpp::Parameter[m[K’ to ‘[01m[Kstd::__cxx11::basic_string<char>&&[m[K’
  717 |       operator=([01;36m[Kbasic_string&& __str[m[K)
      |                 [01;36m[K~~~~~~~~~~~~~~~^~~~~[m[K
[01m[K/usr/include/c++/11/bits/basic_string.h:785:7:[m[K [01;36m[Knote: [m[Kcandidate: ‘[01m[Kstd::__cxx11::basic_string<_CharT, _Traits, _Alloc>& std::__cxx11::basic_string<_CharT, _Traits, _Alloc>::operator=(std::initializer_list<_Tp>) [with _CharT = char; _Traits = std::char_traits<char>; _Alloc = std::allocator<char>][m[K’
  785 |       [01;36m[Koperator[m[K=(initializer_list<_CharT> __l)
      |       [01;36m[K^~~~~~~~[m[K
[01m[K/usr/include/c++/11/bits/basic_string.h:785:42:[m[K [01;36m[Knote: [m[K  no known conversion for argument 1 from ‘[01m[Krclcpp::Parameter[m[K’ to ‘[01m[Kstd::initializer_list<char>[m[K’
  785 |       operator=([01;36m[Kinitializer_list<_CharT> __l[m[K)
      |                 [01;36m[K~~~~~~~~~~~~~~~~~~~~~~~~~^~~[m[K
gmake[2]: *** [CMakeFiles/RunUltrasonicHCSR04Wrapper.dir/build.make:104: CMakeFiles/RunUltrasonicHCSR04Wrapper.dir/src/UltrasonicHCSR04Wrapper.cpp.o] Error 1
gmake[1]: *** [CMakeFiles/Makefile2:137: CMakeFiles/RunUltrasonicHCSR04Wrapper.dir/all] Error 2
gmake: *** [Makefile:146: all] Error 2
