[0.016s] Invoking command in '/home/dell/Project_ws/libHCSR04/libHCSR04_ros/build/lib_hcsr04_ros': CMAKE_PREFIX_PATH=${CMAKE_PREFIX_PATH}:/opt/ros/humble /usr/bin/cmake /home/dell/Project_ws/libHCSR04/libHCSR04_ros -DAMENT_CMAKE_SYMLINK_INSTALL=1 -DCMAKE_INSTALL_PREFIX=/home/dell/Project_ws/libHCSR04/libHCSR04_ros/install/lib_hcsr04_ros
[0.142s] -- The C compiler identification is GNU 11.4.0
[0.241s] -- The CXX compiler identification is GNU 11.4.0
[0.253s] -- Detecting C compiler ABI info
[0.350s] -- Detecting C compiler ABI info - done
[0.366s] -- Check for working C compiler: /usr/bin/cc - skipped
[0.367s] -- Detecting C compile features
[0.368s] -- Detecting C compile features - done
[0.373s] -- Detecting CXX compiler ABI info
[0.495s] -- Detecting CXX compiler ABI info - done
[0.514s] -- Check for working CXX compiler: /usr/bin/c++ - skipped
[0.515s] -- Detecting CXX compile features
[0.516s] -- Detecting CXX compile features - done
[0.520s] -- Found ament_cmake: 1.3.11 (/opt/ros/humble/share/ament_cmake/cmake)
[0.747s] -- Found Python3: /usr/bin/python3 (found version "3.10.12") found components: Interpreter 
[0.835s] -- Override CMake install command with custom implementation using symlinks instead of copying resources
[0.896s] -- Found rclcpp: 16.0.11 (/opt/ros/humble/share/rclcpp/cmake)
[0.960s] -- Found rosidl_generator_c: 3.1.6 (/opt/ros/humble/share/rosidl_generator_c/cmake)
[0.967s] -- Found rosidl_adapter: 3.1.6 (/opt/ros/humble/share/rosidl_adapter/cmake)
[0.979s] -- Found rosidl_generator_cpp: 3.1.6 (/opt/ros/humble/share/rosidl_generator_cpp/cmake)
[0.997s] -- Using all available rosidl_typesupport_c: rosidl_typesupport_fastrtps_c;rosidl_typesupport_introspection_c
[1.022s] -- Using all available rosidl_typesupport_cpp: rosidl_typesupport_fastrtps_cpp;rosidl_typesupport_introspection_cpp
[1.087s] -- Found rmw_implementation_cmake: 6.1.2 (/opt/ros/humble/share/rmw_implementation_cmake/cmake)
[1.091s] -- Found rmw_fastrtps_cpp: 6.2.7 (/opt/ros/humble/share/rmw_fastrtps_cpp/cmake)
[1.212s] -- Found OpenSSL: /usr/lib/x86_64-linux-gnu/libcrypto.so (found version "3.0.2")  
[1.253s] -- Found FastRTPS: /opt/ros/humble/include  
[1.309s] -- Using RMW implementation 'rmw_fastrtps_cpp' as default
[1.319s] -- Looking for pthread.h
[1.415s] -- Looking for pthread.h - found
[1.416s] -- Performing Test CMAKE_HAVE_LIBC_PTHREAD
[1.518s] -- Performing Test CMAKE_HAVE_LIBC_PTHREAD - Success
[1.521s] -- Found Threads: TRUE  
[1.620s] -- Found sensor_msgs: 4.2.4 (/opt/ros/humble/share/sensor_msgs/cmake)
[1.763s] -- Configuring done
[1.779s] -- Generating done
[1.785s] -- Build files have been written to: /home/dell/Project_ws/libHCSR04/libHCSR04_ros/build/lib_hcsr04_ros
[1.799s] Invoked command in '/home/dell/Project_ws/libHCSR04/libHCSR04_ros/build/lib_hcsr04_ros' returned '0': CMAKE_PREFIX_PATH=${CMAKE_PREFIX_PATH}:/opt/ros/humble /usr/bin/cmake /home/dell/Project_ws/libHCSR04/libHCSR04_ros -DAMENT_CMAKE_SYMLINK_INSTALL=1 -DCMAKE_INSTALL_PREFIX=/home/dell/Project_ws/libHCSR04/libHCSR04_ros/install/lib_hcsr04_ros
[1.802s] Invoking command in '/home/dell/Project_ws/libHCSR04/libHCSR04_ros/build/lib_hcsr04_ros': CMAKE_PREFIX_PATH=${CMAKE_PREFIX_PATH}:/opt/ros/humble /usr/bin/cmake --build /home/dell/Project_ws/libHCSR04/libHCSR04_ros/build/lib_hcsr04_ros -- -j4 -l4
[1.888s] [ 25%] [32mBuilding CXX object CMakeFiles/RunUltrasonicHCSR04Wrapper.dir/src/RunUltrasonicHCSR04Wrapper.cpp.o[0m
[1.888s] [ 75%] [32mBuilding CXX object CMakeFiles/RunUltrasonicHCSR04Wrapper.dir/home/dell/Project_ws/libHCSR04/libHCSR04/src/HCSR04_sensor.cpp.o[0m
[1.889s] [ 75%] [32mBuilding CXX object CMakeFiles/RunUltrasonicHCSR04Wrapper.dir/src/UltrasonicHCSR04Wrapper.cpp.o[0m
[5.947s] [01m[K/home/dell/Project_ws/libHCSR04/libHCSR04_ros/src/UltrasonicHCSR04Wrapper.cpp:[m[K In constructor ‘[01m[KUltrasonicHCSR04Wrapper::UltrasonicHCSR04Wrapper()[m[K’:
[5.947s] [01m[K/home/dell/Project_ws/libHCSR04/libHCSR04_ros/src/UltrasonicHCSR04Wrapper.cpp:16:58:[m[K [01;31m[Kerror: [m[Kinvalid conversion from ‘[01m[Kconst char*[m[K’ to ‘[01m[Kint[m[K’ [[01;31m[K]8;;https://gcc.gnu.org/onlinedocs/gcc/Warning-Options.html#index-fpermissive-fpermissive]8;;[m[K]
[5.947s]    16 |     this->declare_parameter<int>("relative_to_frame_id", [01;31m[K"base_link"[m[K);
[5.948s]       |                                                          [01;31m[K^~~~~~~~~~~[m[K
[5.948s]       |                                                          [01;31m[K|[m[K
[5.948s]       |                                                          [01;31m[Kconst char*[m[K
[5.948s] In file included from [01m[K/opt/ros/humble/include/rclcpp/rclcpp/node.hpp:1321[m[K,
[5.949s]                  from [01m[K/opt/ros/humble/include/rclcpp/rclcpp/executors/single_threaded_executor.hpp:28[m[K,
[5.949s]                  from [01m[K/opt/ros/humble/include/rclcpp/rclcpp/executors.hpp:22[m[K,
[5.949s]                  from [01m[K/opt/ros/humble/include/rclcpp/rclcpp/rclcpp.hpp:155[m[K,
[5.950s]                  from [01m[K/home/dell/Project_ws/libHCSR04/libHCSR04_ros/src/UltrasonicHCSR04Wrapper.cpp:1[m[K:
[5.950s] [01m[K/opt/ros/humble/include/rclcpp/rclcpp/node_impl.hpp:197:22:[m[K [01;36m[Knote: [m[K  initializing argument 2 of ‘[01m[Kauto rclcpp::Node::declare_parameter(const string&, const ParameterT&, const ParameterDescriptor&, bool) [with ParameterT = int; std::string = std::__cxx11::basic_string<char>; rcl_interfaces::msg::ParameterDescriptor = rcl_interfaces::msg::ParameterDescriptor_<std::allocator<void> >][m[K’
[5.950s]   197 |   [01;36m[Kconst ParameterT & default_value[m[K,
[5.950s]       |   [01;36m[K~~~~~~~~~~~~~~~~~~~^~~~~~~~~~~~~[m[K
[5.951s] [01m[K/home/dell/Project_ws/libHCSR04/libHCSR04_ros/src/UltrasonicHCSR04Wrapper.cpp:21:66:[m[K [01;31m[Kerror: [m[Kno match for ‘[01m[Koperator=[m[K’ (operand types are ‘[01m[Kstd::string[m[K’ {aka ‘[01m[Kstd::__cxx11::basic_string<char>[m[K’} and ‘[01m[Krclcpp::Parameter[m[K’)
[5.951s]    21 |     reference_frame_ = this->get_parameter("relative_to_frame_id"[01;31m[K)[m[K;
[5.951s]       |                                                                  [01;31m[K^[m[K
[5.951s] In file included from [01m[K/usr/include/c++/11/string:55[m[K,
[5.951s]                  from [01m[K/usr/include/c++/11/stdexcept:39[m[K,
[5.951s]                  from [01m[K/usr/include/c++/11/system_error:41[m[K,
[5.952s]                  from [01m[K/usr/include/c++/11/mutex:42[m[K,
[5.952s]                  from [01m[K/usr/include/c++/11/future:38[m[K,
[5.952s]                  from [01m[K/opt/ros/humble/include/rclcpp/rclcpp/executors.hpp:18[m[K,
[5.953s]                  from [01m[K/opt/ros/humble/include/rclcpp/rclcpp/rclcpp.hpp:155[m[K,
[5.953s]                  from [01m[K/home/dell/Project_ws/libHCSR04/libHCSR04_ros/src/UltrasonicHCSR04Wrapper.cpp:1[m[K:
[5.953s] [01m[K/usr/include/c++/11/bits/basic_string.h:799:8:[m[K [01;36m[Knote: [m[Kcandidate: ‘[01m[Ktemplate<class _Tp> std::__cxx11::basic_string<_CharT, _Traits, _Alloc>::_If_sv<_Tp, std::__cxx11::basic_string<_CharT, _Traits, _Alloc>&> std::__cxx11::basic_string<_CharT, _Traits, _Alloc>::operator=(const _Tp&) [with _Tp = _Tp; _CharT = char; _Traits = std::char_traits<char>; _Alloc = std::allocator<char>][m[K’
[5.953s]   799 |        [01;36m[Koperator[m[K=(const _Tp& __svt)
[5.954s]       |        [01;36m[K^~~~~~~~[m[K
[5.954s] [01m[K/usr/include/c++/11/bits/basic_string.h:799:8:[m[K [01;36m[Knote: [m[K  template argument deduction/substitution failed:
[5.954s] In file included from [01m[K/usr/include/c++/11/bits/move.h:57[m[K,
[5.954s]                  from [01m[K/usr/include/c++/11/bits/stl_pair.h:59[m[K,
[5.954s]                  from [01m[K/usr/include/c++/11/bits/stl_algobase.h:64[m[K,
[5.954s]                  from [01m[K/usr/include/c++/11/memory:63[m[K,
[5.955s]                  from [01m[K/opt/ros/humble/include/rclcpp/rclcpp/rclcpp.hpp:153[m[K,
[5.955s]                  from [01m[K/home/dell/Project_ws/libHCSR04/libHCSR04_ros/src/UltrasonicHCSR04Wrapper.cpp:1[m[K:
[5.955s] /usr/include/c++/11/type_traits: In substitution of ‘[01m[Ktemplate<bool _Cond, class _Tp> using enable_if_t = typename std::enable_if::type [with bool _Cond = false; _Tp = std::__cxx11::basic_string<char>&][m[K’:
[5.955s] [01m[K/usr/include/c++/11/bits/basic_string.h:125:8:[m[K   required by substitution of ‘[01m[Ktemplate<class _CharT, class _Traits, class _Alloc> template<class _Tp, class _Res> using _If_sv = std::enable_if_t<std::__and_<std::is_convertible<const _Tp&, std::basic_string_view<_CharT, _Traits> >, std::__not_<std::is_convertible<const _Tp*, const std::__cxx11::basic_string<_CharT, _Traits, _Alloc>*> >, std::__not_<std::is_convertible<const _Tp&, const _CharT*> > >::value, _Res> [with _Tp = rclcpp::Parameter; _Res = std::__cxx11::basic_string<char>&; _CharT = char; _Traits = std::char_traits<char>; _Alloc = std::allocator<char>][m[K’
[5.955s] [01m[K/usr/include/c++/11/bits/basic_string.h:799:8:[m[K   required by substitution of ‘[01m[Ktemplate<class _Tp> std::__cxx11::basic_string<char>::_If_sv<_Tp, std::__cxx11::basic_string<char>&> std::__cxx11::basic_string<char>::operator=<_Tp>(const _Tp&) [with _Tp = rclcpp::Parameter][m[K’
[5.956s] [01m[K/home/dell/Project_ws/libHCSR04/libHCSR04_ros/src/UltrasonicHCSR04Wrapper.cpp:21:66:[m[K   required from here
[5.956s] [01m[K/usr/include/c++/11/type_traits:2579:11:[m[K [01;31m[Kerror: [m[Kno type named ‘[01m[Ktype[m[K’ in ‘[01m[Kstruct std::enable_if<false, std::__cxx11::basic_string<char>&>[m[K’
[5.956s]  2579 |     using [01;31m[Kenable_if_t[m[K = typename enable_if<_Cond, _Tp>::type;
[5.956s]       |           [01;31m[K^~~~~~~~~~~[m[K
[5.956s] In file included from [01m[K/usr/include/c++/11/string:55[m[K,
[5.956s]                  from [01m[K/usr/include/c++/11/stdexcept:39[m[K,
[5.957s]                  from [01m[K/usr/include/c++/11/system_error:41[m[K,
[5.957s]                  from [01m[K/usr/include/c++/11/mutex:42[m[K,
[5.957s]                  from [01m[K/usr/include/c++/11/future:38[m[K,
[5.957s]                  from [01m[K/opt/ros/humble/include/rclcpp/rclcpp/executors.hpp:18[m[K,
[5.957s]                  from [01m[K/opt/ros/humble/include/rclcpp/rclcpp/rclcpp.hpp:155[m[K,
[5.957s]                  from [01m[K/home/dell/Project_ws/libHCSR04/libHCSR04_ros/src/UltrasonicHCSR04Wrapper.cpp:1[m[K:
[5.958s] [01m[K/usr/include/c++/11/bits/basic_string.h:679:7:[m[K [01;36m[Knote: [m[Kcandidate: ‘[01m[Kstd::__cxx11::basic_string<_CharT, _Traits, _Alloc>& std::__cxx11::basic_string<_CharT, _Traits, _Alloc>::operator=(const std::__cxx11::basic_string<_CharT, _Traits, _Alloc>&) [with _CharT = char; _Traits = std::char_traits<char>; _Alloc = std::allocator<char>][m[K’
[5.958s]   679 |       [01;36m[Koperator[m[K=(const basic_string& __str)
[5.958s]       |       [01;36m[K^~~~~~~~[m[K
[5.958s] [01m[K/usr/include/c++/11/bits/basic_string.h:679:37:[m[K [01;36m[Knote: [m[K  no known conversion for argument 1 from ‘[01m[Krclcpp::Parameter[m[K’ to ‘[01m[Kconst std::__cxx11::basic_string<char>&[m[K’
[5.958s]   679 |       operator=([01;36m[Kconst basic_string& __str[m[K)
[5.958s]       |                 [01;36m[K~~~~~~~~~~~~~~~~~~~~^~~~~[m[K
[5.959s] [01m[K/usr/include/c++/11/bits/basic_string.h:689:7:[m[K [01;36m[Knote: [m[Kcandidate: ‘[01m[Kstd::__cxx11::basic_string<_CharT, _Traits, _Alloc>& std::__cxx11::basic_string<_CharT, _Traits, _Alloc>::operator=(const _CharT*) [with _CharT = char; _Traits = std::char_traits<char>; _Alloc = std::allocator<char>][m[K’
[5.959s]   689 |       [01;36m[Koperator[m[K=(const _CharT* __s)
[5.959s]       |       [01;36m[K^~~~~~~~[m[K
[5.959s] [01m[K/usr/include/c++/11/bits/basic_string.h:689:31:[m[K [01;36m[Knote: [m[K  no known conversion for argument 1 from ‘[01m[Krclcpp::Parameter[m[K’ to ‘[01m[Kconst char*[m[K’
[5.959s]   689 |       operator=([01;36m[Kconst _CharT* __s[m[K)
[5.960s]       |                 [01;36m[K~~~~~~~~~~~~~~^~~[m[K
[5.960s] [01m[K/usr/include/c++/11/bits/basic_string.h:700:7:[m[K [01;36m[Knote: [m[Kcandidate: ‘[01m[Kstd::__cxx11::basic_string<_CharT, _Traits, _Alloc>& std::__cxx11::basic_string<_CharT, _Traits, _Alloc>::operator=(_CharT) [with _CharT = char; _Traits = std::char_traits<char>; _Alloc = std::allocator<char>][m[K’
[5.960s]   700 |       [01;36m[Koperator[m[K=(_CharT __c)
[5.960s]       |       [01;36m[K^~~~~~~~[m[K
[5.960s] [01m[K/usr/include/c++/11/bits/basic_string.h:700:24:[m[K [01;36m[Knote: [m[K  no known conversion for argument 1 from ‘[01m[Krclcpp::Parameter[m[K’ to ‘[01m[Kchar[m[K’
[5.960s]   700 |       operator=([01;36m[K_CharT __c[m[K)
[5.961s]       |                 [01;36m[K~~~~~~~^~~[m[K
[5.961s] [01m[K/usr/include/c++/11/bits/basic_string.h:717:7:[m[K [01;36m[Knote: [m[Kcandidate: ‘[01m[Kstd::__cxx11::basic_string<_CharT, _Traits, _Alloc>& std::__cxx11::basic_string<_CharT, _Traits, _Alloc>::operator=(std::__cxx11::basic_string<_CharT, _Traits, _Alloc>&&) [with _CharT = char; _Traits = std::char_traits<char>; _Alloc = std::allocator<char>][m[K’
[5.961s]   717 |       [01;36m[Koperator[m[K=(basic_string&& __str)
[5.961s]       |       [01;36m[K^~~~~~~~[m[K
[5.961s] [01m[K/usr/include/c++/11/bits/basic_string.h:717:32:[m[K [01;36m[Knote: [m[K  no known conversion for argument 1 from ‘[01m[Krclcpp::Parameter[m[K’ to ‘[01m[Kstd::__cxx11::basic_string<char>&&[m[K’
[5.961s]   717 |       operator=([01;36m[Kbasic_string&& __str[m[K)
[5.962s]       |                 [01;36m[K~~~~~~~~~~~~~~~^~~~~[m[K
[5.962s] [01m[K/usr/include/c++/11/bits/basic_string.h:785:7:[m[K [01;36m[Knote: [m[Kcandidate: ‘[01m[Kstd::__cxx11::basic_string<_CharT, _Traits, _Alloc>& std::__cxx11::basic_string<_CharT, _Traits, _Alloc>::operator=(std::initializer_list<_Tp>) [with _CharT = char; _Traits = std::char_traits<char>; _Alloc = std::allocator<char>][m[K’
[5.962s]   785 |       [01;36m[Koperator[m[K=(initializer_list<_CharT> __l)
[5.962s]       |       [01;36m[K^~~~~~~~[m[K
[5.962s] [01m[K/usr/include/c++/11/bits/basic_string.h:785:42:[m[K [01;36m[Knote: [m[K  no known conversion for argument 1 from ‘[01m[Krclcpp::Parameter[m[K’ to ‘[01m[Kstd::initializer_list<char>[m[K’
[5.962s]   785 |       operator=([01;36m[Kinitializer_list<_CharT> __l[m[K)
[5.963s]       |                 [01;36m[K~~~~~~~~~~~~~~~~~~~~~~~~~^~~[m[K
[7.188s] gmake[2]: *** [CMakeFiles/RunUltrasonicHCSR04Wrapper.dir/build.make:104: CMakeFiles/RunUltrasonicHCSR04Wrapper.dir/src/UltrasonicHCSR04Wrapper.cpp.o] Error 1
[7.189s] gmake[1]: *** [CMakeFiles/Makefile2:137: CMakeFiles/RunUltrasonicHCSR04Wrapper.dir/all] Error 2
[7.189s] gmake: *** [Makefile:146: all] Error 2
[7.192s] Invoked command in '/home/dell/Project_ws/libHCSR04/libHCSR04_ros/build/lib_hcsr04_ros' returned '2': CMAKE_PREFIX_PATH=${CMAKE_PREFIX_PATH}:/opt/ros/humble /usr/bin/cmake --build /home/dell/Project_ws/libHCSR04/libHCSR04_ros/build/lib_hcsr04_ros -- -j4 -l4
