[0.008s] Invoking command in '/home/kemo/Azza_ws/src/my_sensor_pkg/build/my_sensor_pkg': CMAKE_PREFIX_PATH=${CMAKE_PREFIX_PATH}:/home/kemo/ros_ws/install/my_py_pkg:/opt/ros/humble /usr/bin/cmake --build /home/kemo/Azza_ws/src/my_sensor_pkg/build/my_sensor_pkg -- -j16 -l16
[0.041s] [35m[1mConsolidate compiler generated dependencies of target imu_encoder_node[0m
[0.054s] [100%] Built target imu_encoder_node
[0.062s] Invoked command in '/home/kemo/Azza_ws/src/my_sensor_pkg/build/my_sensor_pkg' returned '0': CMAKE_PREFIX_PATH=${CMAKE_PREFIX_PATH}:/home/kemo/ros_ws/install/my_py_pkg:/opt/ros/humble /usr/bin/cmake --build /home/kemo/Azza_ws/src/my_sensor_pkg/build/my_sensor_pkg -- -j16 -l16
[0.070s] Invoking command in '/home/kemo/Azza_ws/src/my_sensor_pkg/build/my_sensor_pkg': CMAKE_PREFIX_PATH=${CMAKE_PREFIX_PATH}:/home/kemo/ros_ws/install/my_py_pkg:/opt/ros/humble /usr/bin/cmake --install /home/kemo/Azza_ws/src/my_sensor_pkg/build/my_sensor_pkg
[0.076s] -- Install configuration: ""
[0.076s] -- Up-to-date: /home/kemo/Azza_ws/src/my_sensor_pkg/install/my_sensor_pkg/lib/my_sensor_pkg/imu_encoder_node
[0.076s] -- Up-to-date: /home/kemo/Azza_ws/src/my_sensor_pkg/install/my_sensor_pkg/share/ament_index/resource_index/package_run_dependencies/my_sensor_pkg
[0.076s] -- Up-to-date: /home/kemo/Azza_ws/src/my_sensor_pkg/install/my_sensor_pkg/share/ament_index/resource_index/parent_prefix_path/my_sensor_pkg
[0.076s] -- Up-to-date: /home/kemo/Azza_ws/src/my_sensor_pkg/install/my_sensor_pkg/share/my_sensor_pkg/environment/ament_prefix_path.sh
[0.076s] -- Up-to-date: /home/kemo/Azza_ws/src/my_sensor_pkg/install/my_sensor_pkg/share/my_sensor_pkg/environment/ament_prefix_path.dsv
[0.076s] -- Up-to-date: /home/kemo/Azza_ws/src/my_sensor_pkg/install/my_sensor_pkg/share/my_sensor_pkg/environment/path.sh
[0.076s] -- Up-to-date: /home/kemo/Azza_ws/src/my_sensor_pkg/install/my_sensor_pkg/share/my_sensor_pkg/environment/path.dsv
[0.076s] -- Up-to-date: /home/kemo/Azza_ws/src/my_sensor_pkg/install/my_sensor_pkg/share/my_sensor_pkg/local_setup.bash
[0.077s] -- Up-to-date: /home/kemo/Azza_ws/src/my_sensor_pkg/install/my_sensor_pkg/share/my_sensor_pkg/local_setup.sh
[0.077s] -- Up-to-date: /home/kemo/Azza_ws/src/my_sensor_pkg/install/my_sensor_pkg/share/my_sensor_pkg/local_setup.zsh
[0.077s] -- Up-to-date: /home/kemo/Azza_ws/src/my_sensor_pkg/install/my_sensor_pkg/share/my_sensor_pkg/local_setup.dsv
[0.077s] -- Installing: /home/kemo/Azza_ws/src/my_sensor_pkg/install/my_sensor_pkg/share/my_sensor_pkg/package.dsv
[0.077s] -- Up-to-date: /home/kemo/Azza_ws/src/my_sensor_pkg/install/my_sensor_pkg/share/ament_index/resource_index/packages/my_sensor_pkg
[0.077s] -- Up-to-date: /home/kemo/Azza_ws/src/my_sensor_pkg/install/my_sensor_pkg/share/my_sensor_pkg/cmake/my_sensor_pkgConfig.cmake
[0.077s] -- Up-to-date: /home/kemo/Azza_ws/src/my_sensor_pkg/install/my_sensor_pkg/share/my_sensor_pkg/cmake/my_sensor_pkgConfig-version.cmake
[0.077s] -- Up-to-date: /home/kemo/Azza_ws/src/my_sensor_pkg/install/my_sensor_pkg/share/my_sensor_pkg/package.xml
[0.078s] Invoked command in '/home/kemo/Azza_ws/src/my_sensor_pkg/build/my_sensor_pkg' returned '0': CMAKE_PREFIX_PATH=${CMAKE_PREFIX_PATH}:/home/kemo/ros_ws/install/my_py_pkg:/opt/ros/humble /usr/bin/cmake --install /home/kemo/Azza_ws/src/my_sensor_pkg/build/my_sensor_pkg
