[0.009s] Invoking command in '/home/kemo/Azza_ws/src/my_sensor_pkg/build/my_sensor_pkg': CMAKE_PREFIX_PATH=${CMAKE_PREFIX_PATH}:/home/kemo/ros_ws/install/my_py_pkg:/opt/ros/humble /usr/bin/cmake /home/kemo/Azza_ws/src/my_sensor_pkg -DCMAKE_INSTALL_PREFIX=/home/kemo/Azza_ws/src/my_sensor_pkg/install/my_sensor_pkg
[0.108s] -- The C compiler identification is GNU 11.4.0
[0.177s] -- The CXX compiler identification is GNU 11.4.0
[0.184s] -- Detecting C compiler ABI info
[0.241s] -- Detecting C compiler ABI info - done
[0.246s] -- Check for working C compiler: /usr/bin/cc - skipped
[0.246s] -- Detecting C compile features
[0.247s] -- Detecting C compile features - done
[0.249s] -- Detecting CXX compiler ABI info
[0.310s] -- Detecting CXX compiler ABI info - done
[0.316s] -- Check for working CXX compiler: /usr/bin/c++ - skipped
[0.316s] -- Detecting CXX compile features
[0.316s] -- Detecting CXX compile features - done
[0.322s] -- Found ament_cmake: 1.3.11 (/opt/ros/humble/share/ament_cmake/cmake)
[0.433s] -- Found Python3: /usr/bin/python3 (found version "3.10.12") found components: Interpreter 
[0.511s] -- Found rclcpp: 16.0.11 (/opt/ros/humble/share/rclcpp/cmake)
[0.556s] -- Found rosidl_generator_c: 3.1.6 (/opt/ros/humble/share/rosidl_generator_c/cmake)
[0.561s] -- Found rosidl_adapter: 3.1.6 (/opt/ros/humble/share/rosidl_adapter/cmake)
[0.570s] -- Found rosidl_generator_cpp: 3.1.6 (/opt/ros/humble/share/rosidl_generator_cpp/cmake)
[0.584s] -- Using all available rosidl_typesupport_c: rosidl_typesupport_fastrtps_c;rosidl_typesupport_introspection_c
[0.599s] -- Using all available rosidl_typesupport_cpp: rosidl_typesupport_fastrtps_cpp;rosidl_typesupport_introspection_cpp
[0.643s] -- Found rmw_implementation_cmake: 6.1.2 (/opt/ros/humble/share/rmw_implementation_cmake/cmake)
[0.646s] -- Found rmw_fastrtps_cpp: 6.2.7 (/opt/ros/humble/share/rmw_fastrtps_cpp/cmake)
[0.730s] -- Found OpenSSL: /usr/lib/x86_64-linux-gnu/libcrypto.so (found version "3.0.2")  
[0.754s] -- Found FastRTPS: /opt/ros/humble/include  
[0.788s] -- Using RMW implementation 'rmw_fastrtps_cpp' as default
[0.797s] -- Looking for pthread.h
[0.861s] -- Looking for pthread.h - found
[0.861s] -- Performing Test CMAKE_HAVE_LIBC_PTHREAD
[0.918s] -- Performing Test CMAKE_HAVE_LIBC_PTHREAD - Success
[0.919s] -- Found Threads: TRUE  
[0.967s] -- Found sensor_msgs: 4.2.4 (/opt/ros/humble/share/sensor_msgs/cmake)
[0.995s] -- Found ament_lint_auto: 0.12.11 (/opt/ros/humble/share/ament_lint_auto/cmake)
[1.062s] -- Added test 'cppcheck' to perform static code analysis on C / C++ code
[1.062s] -- Configured cppcheck include dirs: 
[1.062s] -- Configured cppcheck exclude dirs and/or files: 
[1.064s] -- Added test 'lint_cmake' to check CMake code style
[1.070s] -- Added test 'uncrustify' to check C / C++ code style
[1.070s] -- Configured uncrustify additional arguments: 
[1.071s] -- Added test 'xmllint' to check XML markup files
[1.072s] -- Configuring done
[1.080s] -- Generating done
[1.083s] -- Build files have been written to: /home/kemo/Azza_ws/src/my_sensor_pkg/build/my_sensor_pkg
[1.090s] Invoked command in '/home/kemo/Azza_ws/src/my_sensor_pkg/build/my_sensor_pkg' returned '0': CMAKE_PREFIX_PATH=${CMAKE_PREFIX_PATH}:/home/kemo/ros_ws/install/my_py_pkg:/opt/ros/humble /usr/bin/cmake /home/kemo/Azza_ws/src/my_sensor_pkg -DCMAKE_INSTALL_PREFIX=/home/kemo/Azza_ws/src/my_sensor_pkg/install/my_sensor_pkg
[1.092s] Invoking command in '/home/kemo/Azza_ws/src/my_sensor_pkg/build/my_sensor_pkg': CMAKE_PREFIX_PATH=${CMAKE_PREFIX_PATH}:/home/kemo/ros_ws/install/my_py_pkg:/opt/ros/humble /usr/bin/cmake --build /home/kemo/Azza_ws/src/my_sensor_pkg/build/my_sensor_pkg -- -j16 -l16
[1.131s] [ 50%] [32mBuilding CXX object CMakeFiles/imu_encoder_node.dir/src/imu_encoder_node.cpp.o[0m
[4.530s] [100%] [32m[1mLinking CXX executable imu_encoder_node[0m
[4.700s] [100%] Built target imu_encoder_node
[4.709s] Invoked command in '/home/kemo/Azza_ws/src/my_sensor_pkg/build/my_sensor_pkg' returned '0': CMAKE_PREFIX_PATH=${CMAKE_PREFIX_PATH}:/home/kemo/ros_ws/install/my_py_pkg:/opt/ros/humble /usr/bin/cmake --build /home/kemo/Azza_ws/src/my_sensor_pkg/build/my_sensor_pkg -- -j16 -l16
[4.717s] Invoking command in '/home/kemo/Azza_ws/src/my_sensor_pkg/build/my_sensor_pkg': CMAKE_PREFIX_PATH=${CMAKE_PREFIX_PATH}:/home/kemo/ros_ws/install/my_py_pkg:/opt/ros/humble /usr/bin/cmake --install /home/kemo/Azza_ws/src/my_sensor_pkg/build/my_sensor_pkg
[4.722s] -- Install configuration: ""
[4.722s] -- Installing: /home/kemo/Azza_ws/src/my_sensor_pkg/install/my_sensor_pkg/lib/my_sensor_pkg/imu_encoder_node
[4.723s] -- Set runtime path of "/home/kemo/Azza_ws/src/my_sensor_pkg/install/my_sensor_pkg/lib/my_sensor_pkg/imu_encoder_node" to ""
[4.724s] -- Installing: /home/kemo/Azza_ws/src/my_sensor_pkg/install/my_sensor_pkg/share/ament_index/resource_index/package_run_dependencies/my_sensor_pkg
[4.724s] -- Installing: /home/kemo/Azza_ws/src/my_sensor_pkg/install/my_sensor_pkg/share/ament_index/resource_index/parent_prefix_path/my_sensor_pkg
[4.724s] -- Installing: /home/kemo/Azza_ws/src/my_sensor_pkg/install/my_sensor_pkg/share/my_sensor_pkg/environment/ament_prefix_path.sh
[4.724s] -- Installing: /home/kemo/Azza_ws/src/my_sensor_pkg/install/my_sensor_pkg/share/my_sensor_pkg/environment/ament_prefix_path.dsv
[4.724s] -- Installing: /home/kemo/Azza_ws/src/my_sensor_pkg/install/my_sensor_pkg/share/my_sensor_pkg/environment/path.sh
[4.724s] -- Installing: /home/kemo/Azza_ws/src/my_sensor_pkg/install/my_sensor_pkg/share/my_sensor_pkg/environment/path.dsv
[4.724s] -- Installing: /home/kemo/Azza_ws/src/my_sensor_pkg/install/my_sensor_pkg/share/my_sensor_pkg/local_setup.bash
[4.725s] -- Installing: /home/kemo/Azza_ws/src/my_sensor_pkg/install/my_sensor_pkg/share/my_sensor_pkg/local_setup.sh
[4.725s] -- Installing: /home/kemo/Azza_ws/src/my_sensor_pkg/install/my_sensor_pkg/share/my_sensor_pkg/local_setup.zsh
[4.725s] -- Installing: /home/kemo/Azza_ws/src/my_sensor_pkg/install/my_sensor_pkg/share/my_sensor_pkg/local_setup.dsv
[4.725s] -- Installing: /home/kemo/Azza_ws/src/my_sensor_pkg/install/my_sensor_pkg/share/my_sensor_pkg/package.dsv
[4.725s] -- Installing: /home/kemo/Azza_ws/src/my_sensor_pkg/install/my_sensor_pkg/share/ament_index/resource_index/packages/my_sensor_pkg
[4.725s] -- Installing: /home/kemo/Azza_ws/src/my_sensor_pkg/install/my_sensor_pkg/share/my_sensor_pkg/cmake/my_sensor_pkgConfig.cmake
[4.725s] -- Installing: /home/kemo/Azza_ws/src/my_sensor_pkg/install/my_sensor_pkg/share/my_sensor_pkg/cmake/my_sensor_pkgConfig-version.cmake
[4.725s] -- Installing: /home/kemo/Azza_ws/src/my_sensor_pkg/install/my_sensor_pkg/share/my_sensor_pkg/package.xml
[4.727s] Invoked command in '/home/kemo/Azza_ws/src/my_sensor_pkg/build/my_sensor_pkg' returned '0': CMAKE_PREFIX_PATH=${CMAKE_PREFIX_PATH}:/home/kemo/ros_ws/install/my_py_pkg:/opt/ros/humble /usr/bin/cmake --install /home/kemo/Azza_ws/src/my_sensor_pkg/build/my_sensor_pkg
